{"numFailedTestSuites":1,"numFailedTests":12,"numPassedTestSuites":5,"numPassedTests":24,"numPendingTestSuites":0,"numPendingTests":0,"numRuntimeErrorTestSuites":0,"numTodoTests":0,"numTotalTestSuites":6,"numTotalTests":36,"openHandles":[],"snapshot":{"added":0,"didUpdate":false,"failure":false,"filesAdded":0,"filesRemoved":0,"filesRemovedList":[],"filesUnmatched":0,"filesUpdated":0,"matched":0,"total":0,"unchecked":0,"uncheckedKeysByFile":[],"unmatched":0,"updated":0},"startTime":1788796513727,"success":false,"testResults":[{"assertionResults":[{"ancestorTitles":["Home"],"duration":69,"failing":false,"failureDetails":[],"failureMessages":[],"fullName":"Home displays loading while generating the resume","invocations":1,"location":null,"numPassingAsserts":1,"retryReasons":[],"startAt":1788796514383,"status":"passed","title":"displays loading while generating the resume"},{"ancestorTitles":["Home"],"duration":1028,"failing":false,"failureDetails":[{},{"name":"TestingLibraryElementError"}],"failureMessages":["RangeError: Invalid time value\n    at format (C:\\Users\\ASUS-16\\Documents\\projets\\github-resume-generator\\app\\page.tsx:651:47)\n    at Object.react_stack_bottom_frame (C:\\Users\\ASUS-16\\Documents\\projets\\github-resume-generator\\node_modules\\react-dom\\cjs\\react-dom-client.development.js:25904:20)\n    at renderWithHooks (C:\\Users\\ASUS-16\\Documents\\projets\\github-resume-generator\\node_modules\\react-dom\\cjs\\react-dom-client.development.js:7662:22)\n    at updateFunctionComponent (C:\\Users\\ASUS-16\\Documents\\projets\\github-resume-generator\\node_modules\\react-dom\\cjs\\react-dom-client.development.js:10166:19)\n    at beginWork (C:\\Users\\ASUS-16\\Documents\\projets\\github-resume-generator\\node_modules\\react-dom\\cjs\\react-dom-client.development.js:11778:18)\n    at runWithFiberInDEV (C:\\Users\\ASUS-16\\Documents\\projets\\github-resume-generator\\node_modules\\react-dom\\cjs\\react-dom-client.development.js:874:13)\n    at performUnitOfWork (C:\\Users\\ASUS-16\\Documents\\projets\\github-resume-generator\\node_modules\\react-dom\\cjs\\react-dom-client.development.js:17641:22)\n    at workLoopSync (C:\\Users\\ASUS-16\\Documents\\projets\\github-resume-generator\\node_modules\\react-dom\\cjs\\react-dom-client.development.js:17469:41)\n    at renderRootSync (C:\\Users\\ASUS-16\\Documents\\projets\\github-resume-generator\\node_modules\\react-dom\\cjs\\react-dom-client.development.js:17450:11)\n    at performWorkOnRoot (C:\\Users\\ASUS-16\\Documents\\projets\\github-resume-generator\\node_modules\\react-dom\\cjs\\react-dom-client.development.js:16583:35)\n    at performSyncWorkOnRoot (C:\\Users\\ASUS-16\\Documents\\projets\\github-resume-generator\\node_modules\\react-dom\\cjs\\react-dom-client.development.js:18972:7)\n    at flushSyncWorkAcrossRoots_impl (C:\\Users\\ASUS-16\\Documents\\projets\\github-resume-generator\\node_modules\\react-dom\\cjs\\react-dom-client.development.js:18814:21)\n    at processRootScheduleInMicrotask (C:\\Users\\ASUS-16\\Documents\\projets\\github-resume-generator\\node_modules\\react-dom\\cjs\\react-dom-client.development.js:18853:9)\n    at C:\\Users\\ASUS-16\\Documents\\projets\\github-resume-generator\\node_modules\\react-dom\\cjs\\react-dom-client.development.js:18991:13\n    at invokeTheCallbackFunction (C:\\Users\\ASUS-16\\Documents\\projets\\github-resume-generator\\node_modules\\jsdom\\lib\\jsdom\\living\\generated\\Function.js:19:26)\n    at C:\\Users\\ASUS-16\\Documents\\projets\\github-resume-generator\\node_modules\\jsdom\\lib\\jsdom\\browser\\Window.js:613:9\n    at node:internal/process/task_queues:151:7\n    at AsyncResource.runInAsyncScope (node:async_hooks:227:14)\n    at AsyncResource.runMicrotask (node:internal/process/task_queues:148:8)","Error: Unable to find an element with the text: m-amroune. This could be because the text is broken up by multiple elements. In this case, you can provide a function for your text matcher to make your matcher more flexible.\n\nIgnored nodes: comments, script, style\n\u001b[36m<body>\u001b[39m\n  \u001b[36m<div />\u001b[39m\n\u001b[36m</body>\u001b[39m\n    at waitForWrapper (C:\\Users\\ASUS-16\\Documents\\projets\\github-resume-generator\\node_modules\\@testing-library\\dom\\dist\\wait-for.js:163:27)\n    at C:\\Users\\ASUS-16\\Documents\\projets\\github-resume-generator\\node_modules\\@testing-library\\dom\\dist\\query-helpers.js:86:33\n    at Object.findByText (C:\\Users\\ASUS-16\\Documents\\projets\\github-resume-generator\\app\\page.test.tsx:89:23)\n    at Promise.finally.completed (C:\\Users\\ASUS-16\\Documents\\projets\\github-resume-generator\\node_modules\\jest-circus\\build\\jestAdapterInit.js:1561:28)\n    at new Promise (<anonymous>)\n    at callAsyncCircusFn (C:\\Users\\ASUS-16\\Documents\\projets\\github-resume-generator\\node_modules\\jest-circus\\build\\jestAdapterInit.js:1501:10)\n    at _callCircusTest (C:\\Users\\ASUS-16\\Documents\\projets\\github-resume-generator\\node_modules\\jest-circus\\build\\jestAdapterInit.js:1011:40)\n    at _runTest (C:\\Users\\ASUS-16\\Documents\\projets\\github-resume-generator\\node_modules\\jest-circus\\build\\jestAdapterInit.js:951:3)\n    at C:\\Users\\ASUS-16\\Documents\\projets\\github-resume-generator\\node_modules\\jest-circus\\build\\jestAdapterInit.js:853:7\n    at _runTestsForDescribeBlock (C:\\Users\\ASUS-16\\Documents\\projets\\github-resume-generator\\node_modules\\jest-circus\\build\\jestAdapterInit.js:866:11)\n    at _runTestsForDescribeBlock (C:\\Users\\ASUS-16\\Documents\\projets\\github-resume-generator\\node_modules\\jest-circus\\build\\jestAdapterInit.js:861:11)\n    at run (C:\\Users\\ASUS-16\\Documents\\projets\\github-resume-generator\\node_modules\\jest-circus\\build\\jestAdapterInit.js:765:3)\n    at runAndTransformResultsToJestFormat (C:\\Users\\ASUS-16\\Documents\\projets\\github-resume-generator\\node_modules\\jest-circus\\build\\jestAdapterInit.js:1993:21)\n    at jestAdapter (C:\\Users\\ASUS-16\\Documents\\projets\\github-resume-generator\\node_modules\\jest-circus\\build\\runner.js:111:19)\n    at runTestInternal (C:\\Users\\ASUS-16\\Documents\\projets\\github-resume-generator\\node_modules\\jest-runner\\build\\index.js:276:16)\n    at runTest (C:\\Users\\ASUS-16\\Documents\\projets\\github-resume-generator\\node_modules\\jest-runner\\build\\index.js:344:7)"],"fullName":"Home displays the profile after a successful response","invocations":1,"location":null,"numPassingAsserts":0,"retryReasons":[],"startAt":1788796514452,"status":"failed","title":"displays the profile after a successful response"},{"ancestorTitles":["Home"],"duration":31,"failing":false,"failureDetails":[],"failureMessages":[],"fullName":"Home displays the API error message","invocations":1,"location":null,"numPassingAsserts":1,"retryReasons":[],"startAt":1788796515481,"status":"passed","title":"displays the API error message"},{"ancestorTitles":["Home"],"duration":1030,"failing":false,"failureDetails":[{},{"name":"TestingLibraryElementError"}],"failureMessages":["RangeError: Invalid time value\n    at format (C:\\Users\\ASUS-16\\Documents\\projets\\github-resume-generator\\app\\page.tsx:651:47)\n    at Object.react_stack_bottom_frame (C:\\Users\\ASUS-16\\Documents\\projets\\github-resume-generator\\node_modules\\react-dom\\cjs\\react-dom-client.development.js:25904:20)\n    at renderWithHooks (C:\\Users\\ASUS-16\\Documents\\projets\\github-resume-generator\\node_modules\\react-dom\\cjs\\react-dom-client.development.js:7662:22)\n    at updateFunctionComponent (C:\\Users\\ASUS-16\\Documents\\projets\\github-resume-generator\\node_modules\\react-dom\\cjs\\react-dom-client.development.js:10166:19)\n    at beginWork (C:\\Users\\ASUS-16\\Documents\\projets\\github-resume-generator\\node_modules\\react-dom\\cjs\\react-dom-client.development.js:11778:18)\n    at runWithFiberInDEV (C:\\Users\\ASUS-16\\Documents\\projets\\github-resume-generator\\node_modules\\react-dom\\cjs\\react-dom-client.development.js:874:13)\n    at performUnitOfWork (C:\\Users\\ASUS-16\\Documents\\projets\\github-resume-generator\\node_modules\\react-dom\\cjs\\react-dom-client.development.js:17641:22)\n    at workLoopSync (C:\\Users\\ASUS-16\\Documents\\projets\\github-resume-generator\\node_modules\\react-dom\\cjs\\react-dom-client.development.js:17469:41)\n    at renderRootSync (C:\\Users\\ASUS-16\\Documents\\projets\\github-resume-generator\\node_modules\\react-dom\\cjs\\react-dom-client.development.js:17450:11)\n    at performWorkOnRoot (C:\\Users\\ASUS-16\\Documents\\projets\\github-resume-generator\\node_modules\\react-dom\\cjs\\react-dom-client.development.js:16583:35)\n    at performSyncWorkOnRoot (C:\\Users\\ASUS-16\\Documents\\projets\\github-resume-generator\\node_modules\\react-dom\\cjs\\react-dom-client.development.js:18972:7)\n    at flushSyncWorkAcrossRoots_impl (C:\\Users\\ASUS-16\\Documents\\projets\\github-resume-generator\\node_modules\\react-dom\\cjs\\react-dom-client.development.js:18814:21)\n    at processRootScheduleInMicrotask (C:\\Users\\ASUS-16\\Documents\\projets\\github-resume-generator\\node_modules\\react-dom\\cjs\\react-dom-client.development.js:18853:9)\n    at C:\\Users\\ASUS-16\\Documents\\projets\\github-resume-generator\\node_modules\\react-dom\\cjs\\react-dom-client.development.js:18991:13\n    at invokeTheCallbackFunction (C:\\Users\\ASUS-16\\Documents\\projets\\github-resume-generator\\node_modules\\jsdom\\lib\\jsdom\\living\\generated\\Function.js:19:26)\n    at C:\\Users\\ASUS-16\\Documents\\projets\\github-resume-generator\\node_modules\\jsdom\\lib\\jsdom\\browser\\Window.js:613:9\n    at node:internal/process/task_queues:151:7\n    at AsyncResource.runInAsyncScope (node:async_hooks:227:14)\n    at AsyncResource.runMicrotask (node:internal/process/task_queues:148:8)","Error: Unable to find an element with the text: No repositories to display.. This could be because the text is broken up by multiple elements. In this case, you can provide a function for your text matcher to make your matcher more flexible.\n\nIgnored nodes: comments, script, style\n\u001b[36m<body>\u001b[39m\n  \u001b[36m<div />\u001b[39m\n\u001b[36m</body>\u001b[39m\n    at waitForWrapper (C:\\Users\\ASUS-16\\Documents\\projets\\github-resume-generator\\node_modules\\@testing-library\\dom\\dist\\wait-for.js:163:27)\n    at C:\\Users\\ASUS-16\\Documents\\projets\\github-resume-generator\\node_modules\\@testing-library\\dom\\dist\\query-helpers.js:86:33\n    at Object.findByText (C:\\Users\\ASUS-16\\Documents\\projets\\github-resume-generator\\app\\page.test.tsx:146:18)\n    at Promise.finally.completed (C:\\Users\\ASUS-16\\Documents\\projets\\github-resume-generator\\node_modules\\jest-circus\\build\\jestAdapterInit.js:1561:28)\n    at new Promise (<anonymous>)\n    at callAsyncCircusFn (C:\\Users\\ASUS-16\\Documents\\projets\\github-resume-generator\\node_modules\\jest-circus\\build\\jestAdapterInit.js:1501:10)\n    at _callCircusTest (C:\\Users\\ASUS-16\\Documents\\projets\\github-resume-generator\\node_modules\\jest-circus\\build\\jestAdapterInit.js:1011:40)\n    at _runTest (C:\\Users\\ASUS-16\\Documents\\projets\\github-resume-generator\\node_modules\\jest-circus\\build\\jestAdapterInit.js:951:3)\n    at C:\\Users\\ASUS-16\\Documents\\projets\\github-resume-generator\\node_modules\\jest-circus\\build\\jestAdapterInit.js:853:7\n    at _runTestsForDescribeBlock (C:\\Users\\ASUS-16\\Documents\\projets\\github-resume-generator\\node_modules\\jest-circus\\build\\jestAdapterInit.js:866:11)\n    at _runTestsForDescribeBlock (C:\\Users\\ASUS-16\\Documents\\projets\\github-resume-generator\\node_modules\\jest-circus\\build\\jestAdapterInit.js:861:11)\n    at run (C:\\Users\\ASUS-16\\Documents\\projets\\github-resume-generator\\node_modules\\jest-circus\\build\\jestAdapterInit.js:765:3)\n    at runAndTransformResultsToJestFormat (C:\\Users\\ASUS-16\\Documents\\projets\\github-resume-generator\\node_modules\\jest-circus\\build\\jestAdapterInit.js:1993:21)\n    at jestAdapter (C:\\Users\\ASUS-16\\Documents\\projets\\github-resume-generator\\node_modules\\jest-circus\\build\\runner.js:111:19)\n    at runTestInternal (C:\\Users\\ASUS-16\\Documents\\projets\\github-resume-generator\\node_modules\\jest-runner\\build\\index.js:276:16)\n    at runTest (C:\\Users\\ASUS-16\\Documents\\projets\\github-resume-generator\\node_modules\\jest-runner\\build\\index.js:344:7)"],"fullName":"Home displays a message when there are no repositories","invocations":1,"location":null,"numPassingAsserts":0,"retryReasons":[],"startAt":1788796515512,"status":"failed","title":"displays a message when there are no repositories"},{"ancestorTitles":["Home"],"duration":1033,"failing":false,"failureDetails":[{},{"name":"TestingLibraryElementError"}],"failureMessages":["RangeError: Invalid time value\n    at format (C:\\Users\\ASUS-16\\Documents\\projets\\github-resume-generator\\app\\page.tsx:651:47)\n    at Object.react_stack_bottom_frame (C:\\Users\\ASUS-16\\Documents\\projets\\github-resume-generator\\node_modules\\react-dom\\cjs\\react-dom-client.development.js:25904:20)\n    at renderWithHooks (C:\\Users\\ASUS-16\\Documents\\projets\\github-resume-generator\\node_modules\\react-dom\\cjs\\react-dom-client.development.js:7662:22)\n    at updateFunctionComponent (C:\\Users\\ASUS-16\\Documents\\projets\\github-resume-generator\\node_modules\\react-dom\\cjs\\react-dom-client.development.js:10166:19)\n    at beginWork (C:\\Users\\ASUS-16\\Documents\\projets\\github-resume-generator\\node_modules\\react-dom\\cjs\\react-dom-client.development.js:11778:18)\n    at runWithFiberInDEV (C:\\Users\\ASUS-16\\Documents\\projets\\github-resume-generator\\node_modules\\react-dom\\cjs\\react-dom-client.development.js:874:13)\n    at performUnitOfWork (C:\\Users\\ASUS-16\\Documents\\projets\\github-resume-generator\\node_modules\\react-dom\\cjs\\react-dom-client.development.js:17641:22)\n    at workLoopSync (C:\\Users\\ASUS-16\\Documents\\projets\\github-resume-generator\\node_modules\\react-dom\\cjs\\react-dom-client.development.js:17469:41)\n    at renderRootSync (C:\\Users\\ASUS-16\\Documents\\projets\\github-resume-generator\\node_modules\\react-dom\\cjs\\react-dom-client.development.js:17450:11)\n    at performWorkOnRoot (C:\\Users\\ASUS-16\\Documents\\projets\\github-resume-generator\\node_modules\\react-dom\\cjs\\react-dom-client.development.js:16583:35)\n    at performSyncWorkOnRoot (C:\\Users\\ASUS-16\\Documents\\projets\\github-resume-generator\\node_modules\\react-dom\\cjs\\react-dom-client.development.js:18972:7)\n    at flushSyncWorkAcrossRoots_impl (C:\\Users\\ASUS-16\\Documents\\projets\\github-resume-generator\\node_modules\\react-dom\\cjs\\react-dom-client.development.js:18814:21)\n    at processRootScheduleInMicrotask (C:\\Users\\ASUS-16\\Documents\\projets\\github-resume-generator\\node_modules\\react-dom\\cjs\\react-dom-client.development.js:18853:9)\n    at C:\\Users\\ASUS-16\\Documents\\projets\\github-resume-generator\\node_modules\\react-dom\\cjs\\react-dom-client.development.js:18991:13\n    at invokeTheCallbackFunction (C:\\Users\\ASUS-16\\Documents\\projets\\github-resume-generator\\node_modules\\jsdom\\lib\\jsdom\\living\\generated\\Function.js:19:26)\n    at C:\\Users\\ASUS-16\\Documents\\projets\\github-resume-generator\\node_modules\\jsdom\\lib\\jsdom\\browser\\Window.js:613:9\n    at node:internal/process/task_queues:151:7\n    at AsyncResource.runInAsyncScope (node:async_hooks:227:14)\n    at AsyncResource.runMicrotask (node:internal/process/task_queues:148:8)","Error: Unable to find role=\"link\" and name \"project-1\"\n\nIgnored nodes: comments, script, style\n\u001b[36m<body>\u001b[39m\n  \u001b[36m<div />\u001b[39m\n\u001b[36m</body>\u001b[39m\n    at waitForWrapper (C:\\Users\\ASUS-16\\Documents\\projets\\github-resume-generator\\node_modules\\@testing-library\\dom\\dist\\wait-for.js:163:27)\n    at C:\\Users\\ASUS-16\\Documents\\projets\\github-resume-generator\\node_modules\\@testing-library\\dom\\dist\\query-helpers.js:86:33\n    at Object.findByRole (C:\\Users\\ASUS-16\\Documents\\projets\\github-resume-generator\\app\\page.test.tsx:191:16)\n    at Promise.finally.completed (C:\\Users\\ASUS-16\\Documents\\projets\\github-resume-generator\\node_modules\\jest-circus\\build\\jestAdapterInit.js:1561:28)\n    at new Promise (<anonymous>)\n    at callAsyncCircusFn (C:\\Users\\ASUS-16\\Documents\\projets\\github-resume-generator\\node_modules\\jest-circus\\build\\jestAdapterInit.js:1501:10)\n    at _callCircusTest (C:\\Users\\ASUS-16\\Documents\\projets\\github-resume-generator\\node_modules\\jest-circus\\build\\jestAdapterInit.js:1011:40)\n    at _runTest (C:\\Users\\ASUS-16\\Documents\\projets\\github-resume-generator\\node_modules\\jest-circus\\build\\jestAdapterInit.js:951:3)\n    at C:\\Users\\ASUS-16\\Documents\\projets\\github-resume-generator\\node_modules\\jest-circus\\build\\jestAdapterInit.js:853:7\n    at _runTestsForDescribeBlock (C:\\Users\\ASUS-16\\Documents\\projets\\github-resume-generator\\node_modules\\jest-circus\\build\\jestAdapterInit.js:866:11)\n    at _runTestsForDescribeBlock (C:\\Users\\ASUS-16\\Documents\\projets\\github-resume-generator\\node_modules\\jest-circus\\build\\jestAdapterInit.js:861:11)\n    at run (C:\\Users\\ASUS-16\\Documents\\projets\\github-resume-generator\\node_modules\\jest-circus\\build\\jestAdapterInit.js:765:3)\n    at runAndTransformResultsToJestFormat (C:\\Users\\ASUS-16\\Documents\\projets\\github-resume-generator\\node_modules\\jest-circus\\build\\jestAdapterInit.js:1993:21)\n    at jestAdapter (C:\\Users\\ASUS-16\\Documents\\projets\\github-resume-generator\\node_modules\\jest-circus\\build\\runner.js:111:19)\n    at runTestInternal (C:\\Users\\ASUS-16\\Documents\\projets\\github-resume-generator\\node_modules\\jest-runner\\build\\index.js:276:16)\n    at runTest (C:\\Users\\ASUS-16\\Documents\\projets\\github-resume-generator\\node_modules\\jest-runner\\build\\index.js:344:7)"],"fullName":"Home removes a repository from the resume when it is deselected","invocations":1,"location":null,"numPassingAsserts":0,"retryReasons":[],"startAt":1788796516543,"status":"failed","title":"removes a repository from the resume when it is deselected"},{"ancestorTitles":["Home"],"duration":1017,"failing":false,"failureDetails":[{},{"name":"TestingLibraryElementError"}],"failureMessages":["RangeError: Invalid time value\n    at format (C:\\Users\\ASUS-16\\Documents\\projets\\github-resume-generator\\app\\page.tsx:651:47)\n    at Object.react_stack_bottom_frame (C:\\Users\\ASUS-16\\Documents\\projets\\github-resume-generator\\node_modules\\react-dom\\cjs\\react-dom-client.development.js:25904:20)\n    at renderWithHooks (C:\\Users\\ASUS-16\\Documents\\projets\\github-resume-generator\\node_modules\\react-dom\\cjs\\react-dom-client.development.js:7662:22)\n    at updateFunctionComponent (C:\\Users\\ASUS-16\\Documents\\projets\\github-resume-generator\\node_modules\\react-dom\\cjs\\react-dom-client.development.js:10166:19)\n    at beginWork (C:\\Users\\ASUS-16\\Documents\\projets\\github-resume-generator\\node_modules\\react-dom\\cjs\\react-dom-client.development.js:11778:18)\n    at runWithFiberInDEV (C:\\Users\\ASUS-16\\Documents\\projets\\github-resume-generator\\node_modules\\react-dom\\cjs\\react-dom-client.development.js:874:13)\n    at performUnitOfWork (C:\\Users\\ASUS-16\\Documents\\projets\\github-resume-generator\\node_modules\\react-dom\\cjs\\react-dom-client.development.js:17641:22)\n    at workLoopSync (C:\\Users\\ASUS-16\\Documents\\projets\\github-resume-generator\\node_modules\\react-dom\\cjs\\react-dom-client.development.js:17469:41)\n    at renderRootSync (C:\\Users\\ASUS-16\\Documents\\projets\\github-resume-generator\\node_modules\\react-dom\\cjs\\react-dom-client.development.js:17450:11)\n    at performWorkOnRoot (C:\\Users\\ASUS-16\\Documents\\projets\\github-resume-generator\\node_modules\\react-dom\\cjs\\react-dom-client.development.js:16583:35)\n    at performSyncWorkOnRoot (C:\\Users\\ASUS-16\\Documents\\projets\\github-resume-generator\\node_modules\\react-dom\\cjs\\react-dom-client.development.js:18972:7)\n    at flushSyncWorkAcrossRoots_impl (C:\\Users\\ASUS-16\\Documents\\projets\\github-resume-generator\\node_modules\\react-dom\\cjs\\react-dom-client.development.js:18814:21)\n    at processRootScheduleInMicrotask (C:\\Users\\ASUS-16\\Documents\\projets\\github-resume-generator\\node_modules\\react-dom\\cjs\\react-dom-client.development.js:18853:9)\n    at C:\\Users\\ASUS-16\\Documents\\projets\\github-resume-generator\\node_modules\\react-dom\\cjs\\react-dom-client.development.js:18991:13\n    at invokeTheCallbackFunction (C:\\Users\\ASUS-16\\Documents\\projets\\github-resume-generator\\node_modules\\jsdom\\lib\\jsdom\\living\\generated\\Function.js:19:26)\n    at C:\\Users\\ASUS-16\\Documents\\projets\\github-resume-generator\\node_modules\\jsdom\\lib\\jsdom\\browser\\Window.js:613:9\n    at node:internal/process/task_queues:151:7\n    at AsyncResource.runInAsyncScope (node:async_hooks:227:14)\n    at AsyncResource.runMicrotask (node:internal/process/task_queues:148:8)","Error: Unable to find role=\"link\" and name \"project-1\"\n\nIgnored nodes: comments, script, style\n\u001b[36m<body>\u001b[39m\n  \u001b[36m<div />\u001b[39m\n\u001b[36m</body>\u001b[39m\n    at waitForWrapper (C:\\Users\\ASUS-16\\Documents\\projets\\github-resume-generator\\node_modules\\@testing-library\\dom\\dist\\wait-for.js:163:27)\n    at C:\\Users\\ASUS-16\\Documents\\projets\\github-resume-generator\\node_modules\\@testing-library\\dom\\dist\\query-helpers.js:86:33\n    at Object.findByRole (C:\\Users\\ASUS-16\\Documents\\projets\\github-resume-generator\\app\\page.test.tsx:243:16)\n    at Promise.finally.completed (C:\\Users\\ASUS-16\\Documents\\projets\\github-resume-generator\\node_modules\\jest-circus\\build\\jestAdapterInit.js:1561:28)\n    at new Promise (<anonymous>)\n    at callAsyncCircusFn (C:\\Users\\ASUS-16\\Documents\\projets\\github-resume-generator\\node_modules\\jest-circus\\build\\jestAdapterInit.js:1501:10)\n    at _callCircusTest (C:\\Users\\ASUS-16\\Documents\\projets\\github-resume-generator\\node_modules\\jest-circus\\build\\jestAdapterInit.js:1011:40)\n    at _runTest (C:\\Users\\ASUS-16\\Documents\\projets\\github-resume-generator\\node_modules\\jest-circus\\build\\jestAdapterInit.js:951:3)\n    at C:\\Users\\ASUS-16\\Documents\\projets\\github-resume-generator\\node_modules\\jest-circus\\build\\jestAdapterInit.js:853:7\n    at _runTestsForDescribeBlock (C:\\Users\\ASUS-16\\Documents\\projets\\github-resume-generator\\node_modules\\jest-circus\\build\\jestAdapterInit.js:866:11)\n    at _runTestsForDescribeBlock (C:\\Users\\ASUS-16\\Documents\\projets\\github-resume-generator\\node_modules\\jest-circus\\build\\jestAdapterInit.js:861:11)\n    at run (C:\\Users\\ASUS-16\\Documents\\projets\\github-resume-generator\\node_modules\\jest-circus\\build\\jestAdapterInit.js:765:3)\n    at runAndTransformResultsToJestFormat (C:\\Users\\ASUS-16\\Documents\\projets\\github-resume-generator\\node_modules\\jest-circus\\build\\jestAdapterInit.js:1993:21)\n    at jestAdapter (C:\\Users\\ASUS-16\\Documents\\projets\\github-resume-generator\\node_modules\\jest-circus\\build\\runner.js:111:19)\n    at runTestInternal (C:\\Users\\ASUS-16\\Documents\\projets\\github-resume-generator\\node_modules\\jest-runner\\build\\index.js:276:16)\n    at runTest (C:\\Users\\ASUS-16\\Documents\\projets\\github-resume-generator\\node_modules\\jest-runner\\build\\index.js:344:7)"],"fullName":"Home adds another repository to the resume after one is deselected","invocations":1,"location":null,"numPassingAsserts":0,"retryReasons":[],"startAt":1788796517576,"status":"failed","title":"adds another repository to the resume after one is deselected"},{"ancestorTitles":["Home"],"duration":1015,"failing":false,"failureDetails":[{},{"name":"TestingLibraryElementError"}],"failureMessages":["RangeError: Invalid time value\n    at format (C:\\Users\\ASUS-16\\Documents\\projets\\github-resume-generator\\app\\page.tsx:651:47)\n    at Object.react_stack_bottom_frame (C:\\Users\\ASUS-16\\Documents\\projets\\github-resume-generator\\node_modules\\react-dom\\cjs\\react-dom-client.development.js:25904:20)\n    at renderWithHooks (C:\\Users\\ASUS-16\\Documents\\projets\\github-resume-generator\\node_modules\\react-dom\\cjs\\react-dom-client.development.js:7662:22)\n    at updateFunctionComponent (C:\\Users\\ASUS-16\\Documents\\projets\\github-resume-generator\\node_modules\\react-dom\\cjs\\react-dom-client.development.js:10166:19)\n    at beginWork (C:\\Users\\ASUS-16\\Documents\\projets\\github-resume-generator\\node_modules\\react-dom\\cjs\\react-dom-client.development.js:11778:18)\n    at runWithFiberInDEV (C:\\Users\\ASUS-16\\Documents\\projets\\github-resume-generator\\node_modules\\react-dom\\cjs\\react-dom-client.development.js:874:13)\n    at performUnitOfWork (C:\\Users\\ASUS-16\\Documents\\projets\\github-resume-generator\\node_modules\\react-dom\\cjs\\react-dom-client.development.js:17641:22)\n    at workLoopSync (C:\\Users\\ASUS-16\\Documents\\projets\\github-resume-generator\\node_modules\\react-dom\\cjs\\react-dom-client.development.js:17469:41)\n    at renderRootSync (C:\\Users\\ASUS-16\\Documents\\projets\\github-resume-generator\\node_modules\\react-dom\\cjs\\react-dom-client.development.js:17450:11)\n    at performWorkOnRoot (C:\\Users\\ASUS-16\\Documents\\projets\\github-resume-generator\\node_modules\\react-dom\\cjs\\react-dom-client.development.js:16583:35)\n    at performSyncWorkOnRoot (C:\\Users\\ASUS-16\\Documents\\projets\\github-resume-generator\\node_modules\\react-dom\\cjs\\react-dom-client.development.js:18972:7)\n    at flushSyncWorkAcrossRoots_impl (C:\\Users\\ASUS-16\\Documents\\projets\\github-resume-generator\\node_modules\\react-dom\\cjs\\react-dom-client.development.js:18814:21)\n    at processRootScheduleInMicrotask (C:\\Users\\ASUS-16\\Documents\\projets\\github-resume-generator\\node_modules\\react-dom\\cjs\\react-dom-client.development.js:18853:9)\n    at C:\\Users\\ASUS-16\\Documents\\projets\\github-resume-generator\\node_modules\\react-dom\\cjs\\react-dom-client.development.js:18991:13\n    at invokeTheCallbackFunction (C:\\Users\\ASUS-16\\Documents\\projets\\github-resume-generator\\node_modules\\jsdom\\lib\\jsdom\\living\\generated\\Function.js:19:26)\n    at C:\\Users\\ASUS-16\\Documents\\projets\\github-resume-generator\\node_modules\\jsdom\\lib\\jsdom\\browser\\Window.js:613:9\n    at node:internal/process/task_queues:151:7\n    at AsyncResource.runInAsyncScope (node:async_hooks:227:14)\n    at AsyncResource.runMicrotask (node:internal/process/task_queues:148:8)","Error: Unable to find role=\"link\" and name \"project-1\"\n\nIgnored nodes: comments, script, style\n\u001b[36m<body>\u001b[39m\n  \u001b[36m<div />\u001b[39m\n\u001b[36m</body>\u001b[39m\n    at waitForWrapper (C:\\Users\\ASUS-16\\Documents\\projets\\github-resume-generator\\node_modules\\@testing-library\\dom\\dist\\wait-for.js:163:27)\n    at C:\\Users\\ASUS-16\\Documents\\projets\\github-resume-generator\\node_modules\\@testing-library\\dom\\dist\\query-helpers.js:86:33\n    at Object.findByRole (C:\\Users\\ASUS-16\\Documents\\projets\\github-resume-generator\\app\\page.test.tsx:303:16)\n    at Promise.finally.completed (C:\\Users\\ASUS-16\\Documents\\projets\\github-resume-generator\\node_modules\\jest-circus\\build\\jestAdapterInit.js:1561:28)\n    at new Promise (<anonymous>)\n    at callAsyncCircusFn (C:\\Users\\ASUS-16\\Documents\\projets\\github-resume-generator\\node_modules\\jest-circus\\build\\jestAdapterInit.js:1501:10)\n    at _callCircusTest (C:\\Users\\ASUS-16\\Documents\\projets\\github-resume-generator\\node_modules\\jest-circus\\build\\jestAdapterInit.js:1011:40)\n    at _runTest (C:\\Users\\ASUS-16\\Documents\\projets\\github-resume-generator\\node_modules\\jest-circus\\build\\jestAdapterInit.js:951:3)\n    at C:\\Users\\ASUS-16\\Documents\\projets\\github-resume-generator\\node_modules\\jest-circus\\build\\jestAdapterInit.js:853:7\n    at _runTestsForDescribeBlock (C:\\Users\\ASUS-16\\Documents\\projets\\github-resume-generator\\node_modules\\jest-circus\\build\\jestAdapterInit.js:866:11)\n    at _runTestsForDescribeBlock (C:\\Users\\ASUS-16\\Documents\\projets\\github-resume-generator\\node_modules\\jest-circus\\build\\jestAdapterInit.js:861:11)\n    at run (C:\\Users\\ASUS-16\\Documents\\projets\\github-resume-generator\\node_modules\\jest-circus\\build\\jestAdapterInit.js:765:3)\n    at runAndTransformResultsToJestFormat (C:\\Users\\ASUS-16\\Documents\\projets\\github-resume-generator\\node_modules\\jest-circus\\build\\jestAdapterInit.js:1993:21)\n    at jestAdapter (C:\\Users\\ASUS-16\\Documents\\projets\\github-resume-generator\\node_modules\\jest-circus\\build\\runner.js:111:19)\n    at runTestInternal (C:\\Users\\ASUS-16\\Documents\\projets\\github-resume-generator\\node_modules\\jest-runner\\build\\index.js:276:16)\n    at runTest (C:\\Users\\ASUS-16\\Documents\\projets\\github-resume-generator\\node_modules\\jest-runner\\build\\index.js:344:7)"],"fullName":"Home prevents selecting more repositories than the current limit","invocations":1,"location":null,"numPassingAsserts":0,"retryReasons":[],"startAt":1788796518594,"status":"failed","title":"prevents selecting more repositories than the current limit"},{"ancestorTitles":["Home"],"duration":1018,"failing":false,"failureDetails":[{},{"name":"TestingLibraryElementError"}],"failureMessages":["RangeError: Invalid time value\n    at format (C:\\Users\\ASUS-16\\Documents\\projets\\github-resume-generator\\app\\page.tsx:651:47)\n    at Object.react_stack_bottom_frame (C:\\Users\\ASUS-16\\Documents\\projets\\github-resume-generator\\node_modules\\react-dom\\cjs\\react-dom-client.development.js:25904:20)\n    at renderWithHooks (C:\\Users\\ASUS-16\\Documents\\projets\\github-resume-generator\\node_modules\\react-dom\\cjs\\react-dom-client.development.js:7662:22)\n    at updateFunctionComponent (C:\\Users\\ASUS-16\\Documents\\projets\\github-resume-generator\\node_modules\\react-dom\\cjs\\react-dom-client.development.js:10166:19)\n    at beginWork (C:\\Users\\ASUS-16\\Documents\\projets\\github-resume-generator\\node_modules\\react-dom\\cjs\\react-dom-client.development.js:11778:18)\n    at runWithFiberInDEV (C:\\Users\\ASUS-16\\Documents\\projets\\github-resume-generator\\node_modules\\react-dom\\cjs\\react-dom-client.development.js:874:13)\n    at performUnitOfWork (C:\\Users\\ASUS-16\\Documents\\projets\\github-resume-generator\\node_modules\\react-dom\\cjs\\react-dom-client.development.js:17641:22)\n    at workLoopSync (C:\\Users\\ASUS-16\\Documents\\projets\\github-resume-generator\\node_modules\\react-dom\\cjs\\react-dom-client.development.js:17469:41)\n    at renderRootSync (C:\\Users\\ASUS-16\\Documents\\projets\\github-resume-generator\\node_modules\\react-dom\\cjs\\react-dom-client.development.js:17450:11)\n    at performWorkOnRoot (C:\\Users\\ASUS-16\\Documents\\projets\\github-resume-generator\\node_modules\\react-dom\\cjs\\react-dom-client.development.js:16583:35)\n    at performSyncWorkOnRoot (C:\\Users\\ASUS-16\\Documents\\projets\\github-resume-generator\\node_modules\\react-dom\\cjs\\react-dom-client.development.js:18972:7)\n    at flushSyncWorkAcrossRoots_impl (C:\\Users\\ASUS-16\\Documents\\projets\\github-resume-generator\\node_modules\\react-dom\\cjs\\react-dom-client.development.js:18814:21)\n    at processRootScheduleInMicrotask (C:\\Users\\ASUS-16\\Documents\\projets\\github-resume-generator\\node_modules\\react-dom\\cjs\\react-dom-client.development.js:18853:9)\n    at C:\\Users\\ASUS-16\\Documents\\projets\\github-resume-generator\\node_modules\\react-dom\\cjs\\react-dom-client.development.js:18991:13\n    at invokeTheCallbackFunction (C:\\Users\\ASUS-16\\Documents\\projets\\github-resume-generator\\node_modules\\jsdom\\lib\\jsdom\\living\\generated\\Function.js:19:26)\n    at C:\\Users\\ASUS-16\\Documents\\projets\\github-resume-generator\\node_modules\\jsdom\\lib\\jsdom\\browser\\Window.js:613:9\n    at node:internal/process/task_queues:151:7\n    at AsyncResource.runInAsyncScope (node:async_hooks:227:14)\n    at AsyncResource.runMicrotask (node:internal/process/task_queues:148:8)","Error: Unable to find role=\"link\" and name \"project-1\"\n\nIgnored nodes: comments, script, style\n\u001b[36m<body>\u001b[39m\n  \u001b[36m<div />\u001b[39m\n\u001b[36m</body>\u001b[39m\n    at waitForWrapper (C:\\Users\\ASUS-16\\Documents\\projets\\github-resume-generator\\node_modules\\@testing-library\\dom\\dist\\wait-for.js:163:27)\n    at C:\\Users\\ASUS-16\\Documents\\projets\\github-resume-generator\\node_modules\\@testing-library\\dom\\dist\\query-helpers.js:86:33\n    at Object.findByRole (C:\\Users\\ASUS-16\\Documents\\projets\\github-resume-generator\\app\\page.test.tsx:351:16)\n    at Promise.finally.completed (C:\\Users\\ASUS-16\\Documents\\projets\\github-resume-generator\\node_modules\\jest-circus\\build\\jestAdapterInit.js:1561:28)\n    at new Promise (<anonymous>)\n    at callAsyncCircusFn (C:\\Users\\ASUS-16\\Documents\\projets\\github-resume-generator\\node_modules\\jest-circus\\build\\jestAdapterInit.js:1501:10)\n    at _callCircusTest (C:\\Users\\ASUS-16\\Documents\\projets\\github-resume-generator\\node_modules\\jest-circus\\build\\jestAdapterInit.js:1011:40)\n    at _runTest (C:\\Users\\ASUS-16\\Documents\\projets\\github-resume-generator\\node_modules\\jest-circus\\build\\jestAdapterInit.js:951:3)\n    at C:\\Users\\ASUS-16\\Documents\\projets\\github-resume-generator\\node_modules\\jest-circus\\build\\jestAdapterInit.js:853:7\n    at _runTestsForDescribeBlock (C:\\Users\\ASUS-16\\Documents\\projets\\github-resume-generator\\node_modules\\jest-circus\\build\\jestAdapterInit.js:866:11)\n    at _runTestsForDescribeBlock (C:\\Users\\ASUS-16\\Documents\\projets\\github-resume-generator\\node_modules\\jest-circus\\build\\jestAdapterInit.js:861:11)\n    at run (C:\\Users\\ASUS-16\\Documents\\projets\\github-resume-generator\\node_modules\\jest-circus\\build\\jestAdapterInit.js:765:3)\n    at runAndTransformResultsToJestFormat (C:\\Users\\ASUS-16\\Documents\\projets\\github-resume-generator\\node_modules\\jest-circus\\build\\jestAdapterInit.js:1993:21)\n    at jestAdapter (C:\\Users\\ASUS-16\\Documents\\projets\\github-resume-generator\\node_modules\\jest-circus\\build\\runner.js:111:19)\n    at runTestInternal (C:\\Users\\ASUS-16\\Documents\\projets\\github-resume-generator\\node_modules\\jest-runner\\build\\index.js:276:16)\n    at runTest (C:\\Users\\ASUS-16\\Documents\\projets\\github-resume-generator\\node_modules\\jest-runner\\build\\index.js:344:7)"],"fullName":"Home changes repository order in the resume","invocations":1,"location":null,"numPassingAsserts":0,"retryReasons":[],"startAt":1788796519610,"status":"failed","title":"changes repository order in the resume"},{"ancestorTitles":["Home"],"duration":1018,"failing":false,"failureDetails":[{},{"name":"TestingLibraryElementError"}],"failureMessages":["RangeError: Invalid time value\n    at format (C:\\Users\\ASUS-16\\Documents\\projets\\github-resume-generator\\app\\page.tsx:651:47)\n    at Object.react_stack_bottom_frame (C:\\Users\\ASUS-16\\Documents\\projets\\github-resume-generator\\node_modules\\react-dom\\cjs\\react-dom-client.development.js:25904:20)\n    at renderWithHooks (C:\\Users\\ASUS-16\\Documents\\projets\\github-resume-generator\\node_modules\\react-dom\\cjs\\react-dom-client.development.js:7662:22)\n    at updateFunctionComponent (C:\\Users\\ASUS-16\\Documents\\projets\\github-resume-generator\\node_modules\\react-dom\\cjs\\react-dom-client.development.js:10166:19)\n    at beginWork (C:\\Users\\ASUS-16\\Documents\\projets\\github-resume-generator\\node_modules\\react-dom\\cjs\\react-dom-client.development.js:11778:18)\n    at runWithFiberInDEV (C:\\Users\\ASUS-16\\Documents\\projets\\github-resume-generator\\node_modules\\react-dom\\cjs\\react-dom-client.development.js:874:13)\n    at performUnitOfWork (C:\\Users\\ASUS-16\\Documents\\projets\\github-resume-generator\\node_modules\\react-dom\\cjs\\react-dom-client.development.js:17641:22)\n    at workLoopSync (C:\\Users\\ASUS-16\\Documents\\projets\\github-resume-generator\\node_modules\\react-dom\\cjs\\react-dom-client.development.js:17469:41)\n    at renderRootSync (C:\\Users\\ASUS-16\\Documents\\projets\\github-resume-generator\\node_modules\\react-dom\\cjs\\react-dom-client.development.js:17450:11)\n    at performWorkOnRoot (C:\\Users\\ASUS-16\\Documents\\projets\\github-resume-generator\\node_modules\\react-dom\\cjs\\react-dom-client.development.js:16583:35)\n    at performSyncWorkOnRoot (C:\\Users\\ASUS-16\\Documents\\projets\\github-resume-generator\\node_modules\\react-dom\\cjs\\react-dom-client.development.js:18972:7)\n    at flushSyncWorkAcrossRoots_impl (C:\\Users\\ASUS-16\\Documents\\projets\\github-resume-generator\\node_modules\\react-dom\\cjs\\react-dom-client.development.js:18814:21)\n    at processRootScheduleInMicrotask (C:\\Users\\ASUS-16\\Documents\\projets\\github-resume-generator\\node_modules\\react-dom\\cjs\\react-dom-client.development.js:18853:9)\n    at C:\\Users\\ASUS-16\\Documents\\projets\\github-resume-generator\\node_modules\\react-dom\\cjs\\react-dom-client.development.js:18991:13\n    at invokeTheCallbackFunction (C:\\Users\\ASUS-16\\Documents\\projets\\github-resume-generator\\node_modules\\jsdom\\lib\\jsdom\\living\\generated\\Function.js:19:26)\n    at C:\\Users\\ASUS-16\\Documents\\projets\\github-resume-generator\\node_modules\\jsdom\\lib\\jsdom\\browser\\Window.js:613:9\n    at node:internal/process/task_queues:151:7\n    at AsyncResource.runInAsyncScope (node:async_hooks:227:14)\n    at AsyncResource.runMicrotask (node:internal/process/task_queues:148:8)","Error: Unable to find an element with the text: TypeScript (6). This could be because the text is broken up by multiple elements. In this case, you can provide a function for your text matcher to make your matcher more flexible.\n\nIgnored nodes: comments, script, style\n\u001b[36m<body>\u001b[39m\n  \u001b[36m<div />\u001b[39m\n\u001b[36m</body>\u001b[39m\n    at waitForWrapper (C:\\Users\\ASUS-16\\Documents\\projets\\github-resume-generator\\node_modules\\@testing-library\\dom\\dist\\wait-for.js:163:27)\n    at C:\\Users\\ASUS-16\\Documents\\projets\\github-resume-generator\\node_modules\\@testing-library\\dom\\dist\\query-helpers.js:86:33\n    at Object.findByText (C:\\Users\\ASUS-16\\Documents\\projets\\github-resume-generator\\app\\page.test.tsx:410:18)\n    at Promise.finally.completed (C:\\Users\\ASUS-16\\Documents\\projets\\github-resume-generator\\node_modules\\jest-circus\\build\\jestAdapterInit.js:1561:28)\n    at new Promise (<anonymous>)\n    at callAsyncCircusFn (C:\\Users\\ASUS-16\\Documents\\projets\\github-resume-generator\\node_modules\\jest-circus\\build\\jestAdapterInit.js:1501:10)\n    at _callCircusTest (C:\\Users\\ASUS-16\\Documents\\projets\\github-resume-generator\\node_modules\\jest-circus\\build\\jestAdapterInit.js:1011:40)\n    at _runTest (C:\\Users\\ASUS-16\\Documents\\projets\\github-resume-generator\\node_modules\\jest-circus\\build\\jestAdapterInit.js:951:3)\n    at C:\\Users\\ASUS-16\\Documents\\projets\\github-resume-generator\\node_modules\\jest-circus\\build\\jestAdapterInit.js:853:7\n    at _runTestsForDescribeBlock (C:\\Users\\ASUS-16\\Documents\\projets\\github-resume-generator\\node_modules\\jest-circus\\build\\jestAdapterInit.js:866:11)\n    at _runTestsForDescribeBlock (C:\\Users\\ASUS-16\\Documents\\projets\\github-resume-generator\\node_modules\\jest-circus\\build\\jestAdapterInit.js:861:11)\n    at run (C:\\Users\\ASUS-16\\Documents\\projets\\github-resume-generator\\node_modules\\jest-circus\\build\\jestAdapterInit.js:765:3)\n    at runAndTransformResultsToJestFormat (C:\\Users\\ASUS-16\\Documents\\projets\\github-resume-generator\\node_modules\\jest-circus\\build\\jestAdapterInit.js:1993:21)\n    at jestAdapter (C:\\Users\\ASUS-16\\Documents\\projets\\github-resume-generator\\node_modules\\jest-circus\\build\\runner.js:111:19)\n    at runTestInternal (C:\\Users\\ASUS-16\\Documents\\projets\\github-resume-generator\\node_modules\\jest-runner\\build\\index.js:276:16)\n    at runTest (C:\\Users\\ASUS-16\\Documents\\projets\\github-resume-generator\\node_modules\\jest-runner\\build\\index.js:344:7)"],"fullName":"Home computes skills from displayed repositories only","invocations":1,"location":null,"numPassingAsserts":0,"retryReasons":[],"startAt":1788796520629,"status":"failed","title":"computes skills from displayed repositories only"},{"ancestorTitles":["Home"],"duration":1015,"failing":false,"failureDetails":[{},{"name":"TestingLibraryElementError"}],"failureMessages":["RangeError: Invalid time value\n    at format (C:\\Users\\ASUS-16\\Documents\\projets\\github-resume-generator\\app\\page.tsx:651:47)\n    at Object.react_stack_bottom_frame (C:\\Users\\ASUS-16\\Documents\\projets\\github-resume-generator\\node_modules\\react-dom\\cjs\\react-dom-client.development.js:25904:20)\n    at renderWithHooks (C:\\Users\\ASUS-16\\Documents\\projets\\github-resume-generator\\node_modules\\react-dom\\cjs\\react-dom-client.development.js:7662:22)\n    at updateFunctionComponent (C:\\Users\\ASUS-16\\Documents\\projets\\github-resume-generator\\node_modules\\react-dom\\cjs\\react-dom-client.development.js:10166:19)\n    at beginWork (C:\\Users\\ASUS-16\\Documents\\projets\\github-resume-generator\\node_modules\\react-dom\\cjs\\react-dom-client.development.js:11778:18)\n    at runWithFiberInDEV (C:\\Users\\ASUS-16\\Documents\\projets\\github-resume-generator\\node_modules\\react-dom\\cjs\\react-dom-client.development.js:874:13)\n    at performUnitOfWork (C:\\Users\\ASUS-16\\Documents\\projets\\github-resume-generator\\node_modules\\react-dom\\cjs\\react-dom-client.development.js:17641:22)\n    at workLoopSync (C:\\Users\\ASUS-16\\Documents\\projets\\github-resume-generator\\node_modules\\react-dom\\cjs\\react-dom-client.development.js:17469:41)\n    at renderRootSync (C:\\Users\\ASUS-16\\Documents\\projets\\github-resume-generator\\node_modules\\react-dom\\cjs\\react-dom-client.development.js:17450:11)\n    at performWorkOnRoot (C:\\Users\\ASUS-16\\Documents\\projets\\github-resume-generator\\node_modules\\react-dom\\cjs\\react-dom-client.development.js:16583:35)\n    at performSyncWorkOnRoot (C:\\Users\\ASUS-16\\Documents\\projets\\github-resume-generator\\node_modules\\react-dom\\cjs\\react-dom-client.development.js:18972:7)\n    at flushSyncWorkAcrossRoots_impl (C:\\Users\\ASUS-16\\Documents\\projets\\github-resume-generator\\node_modules\\react-dom\\cjs\\react-dom-client.development.js:18814:21)\n    at processRootScheduleInMicrotask (C:\\Users\\ASUS-16\\Documents\\projets\\github-resume-generator\\node_modules\\react-dom\\cjs\\react-dom-client.development.js:18853:9)\n    at C:\\Users\\ASUS-16\\Documents\\projets\\github-resume-generator\\node_modules\\react-dom\\cjs\\react-dom-client.development.js:18991:13\n    at invokeTheCallbackFunction (C:\\Users\\ASUS-16\\Documents\\projets\\github-resume-generator\\node_modules\\jsdom\\lib\\jsdom\\living\\generated\\Function.js:19:26)\n    at C:\\Users\\ASUS-16\\Documents\\projets\\github-resume-generator\\node_modules\\jsdom\\lib\\jsdom\\browser\\Window.js:613:9\n    at node:internal/process/task_queues:151:7\n    at AsyncResource.runInAsyncScope (node:async_hooks:227:14)\n    at AsyncResource.runMicrotask (node:internal/process/task_queues:148:8)","Error: Unable to find an element with the text: m-amroune. This could be because the text is broken up by multiple elements. In this case, you can provide a function for your text matcher to make your matcher more flexible.\n\nIgnored nodes: comments, script, style\n\u001b[36m<body>\u001b[39m\n  \u001b[36m<div />\u001b[39m\n\u001b[36m</body>\u001b[39m\n    at waitForWrapper (C:\\Users\\ASUS-16\\Documents\\projets\\github-resume-generator\\node_modules\\@testing-library\\dom\\dist\\wait-for.js:163:27)\n    at C:\\Users\\ASUS-16\\Documents\\projets\\github-resume-generator\\node_modules\\@testing-library\\dom\\dist\\query-helpers.js:86:33\n    at Object.findByText (C:\\Users\\ASUS-16\\Documents\\projets\\github-resume-generator\\app\\page.test.tsx:465:18)\n    at Promise.finally.completed (C:\\Users\\ASUS-16\\Documents\\projets\\github-resume-generator\\node_modules\\jest-circus\\build\\jestAdapterInit.js:1561:28)\n    at new Promise (<anonymous>)\n    at callAsyncCircusFn (C:\\Users\\ASUS-16\\Documents\\projets\\github-resume-generator\\node_modules\\jest-circus\\build\\jestAdapterInit.js:1501:10)\n    at _callCircusTest (C:\\Users\\ASUS-16\\Documents\\projets\\github-resume-generator\\node_modules\\jest-circus\\build\\jestAdapterInit.js:1011:40)\n    at _runTest (C:\\Users\\ASUS-16\\Documents\\projets\\github-resume-generator\\node_modules\\jest-circus\\build\\jestAdapterInit.js:951:3)\n    at C:\\Users\\ASUS-16\\Documents\\projets\\github-resume-generator\\node_modules\\jest-circus\\build\\jestAdapterInit.js:853:7\n    at _runTestsForDescribeBlock (C:\\Users\\ASUS-16\\Documents\\projets\\github-resume-generator\\node_modules\\jest-circus\\build\\jestAdapterInit.js:866:11)\n    at _runTestsForDescribeBlock (C:\\Users\\ASUS-16\\Documents\\projets\\github-resume-generator\\node_modules\\jest-circus\\build\\jestAdapterInit.js:861:11)\n    at run (C:\\Users\\ASUS-16\\Documents\\projets\\github-resume-generator\\node_modules\\jest-circus\\build\\jestAdapterInit.js:765:3)\n    at runAndTransformResultsToJestFormat (C:\\Users\\ASUS-16\\Documents\\projets\\github-resume-generator\\node_modules\\jest-circus\\build\\jestAdapterInit.js:1993:21)\n    at jestAdapter (C:\\Users\\ASUS-16\\Documents\\projets\\github-resume-generator\\node_modules\\jest-circus\\build\\runner.js:111:19)\n    at runTestInternal (C:\\Users\\ASUS-16\\Documents\\projets\\github-resume-generator\\node_modules\\jest-runner\\build\\index.js:276:16)\n    at runTest (C:\\Users\\ASUS-16\\Documents\\projets\\github-resume-generator\\node_modules\\jest-runner\\build\\index.js:344:7)"],"fullName":"Home uses cached resume data for a recently searched username","invocations":1,"location":null,"numPassingAsserts":0,"retryReasons":[],"startAt":1788796521647,"status":"failed","title":"uses cached resume data for a recently searched username"},{"ancestorTitles":["Home"],"duration":1020,"failing":false,"failureDetails":[{},{"name":"TestingLibraryElementError"}],"failureMessages":["RangeError: Invalid time value\n    at format (C:\\Users\\ASUS-16\\Documents\\projets\\github-resume-generator\\app\\page.tsx:651:47)\n    at Object.react_stack_bottom_frame (C:\\Users\\ASUS-16\\Documents\\projets\\github-resume-generator\\node_modules\\react-dom\\cjs\\react-dom-client.development.js:25904:20)\n    at renderWithHooks (C:\\Users\\ASUS-16\\Documents\\projets\\github-resume-generator\\node_modules\\react-dom\\cjs\\react-dom-client.development.js:7662:22)\n    at updateFunctionComponent (C:\\Users\\ASUS-16\\Documents\\projets\\github-resume-generator\\node_modules\\react-dom\\cjs\\react-dom-client.development.js:10166:19)\n    at beginWork (C:\\Users\\ASUS-16\\Documents\\projets\\github-resume-generator\\node_modules\\react-dom\\cjs\\react-dom-client.development.js:11778:18)\n    at runWithFiberInDEV (C:\\Users\\ASUS-16\\Documents\\projets\\github-resume-generator\\node_modules\\react-dom\\cjs\\react-dom-client.development.js:874:13)\n    at performUnitOfWork (C:\\Users\\ASUS-16\\Documents\\projets\\github-resume-generator\\node_modules\\react-dom\\cjs\\react-dom-client.development.js:17641:22)\n    at workLoopSync (C:\\Users\\ASUS-16\\Documents\\projets\\github-resume-generator\\node_modules\\react-dom\\cjs\\react-dom-client.development.js:17469:41)\n    at renderRootSync (C:\\Users\\ASUS-16\\Documents\\projets\\github-resume-generator\\node_modules\\react-dom\\cjs\\react-dom-client.development.js:17450:11)\n    at performWorkOnRoot (C:\\Users\\ASUS-16\\Documents\\projets\\github-resume-generator\\node_modules\\react-dom\\cjs\\react-dom-client.development.js:16583:35)\n    at performSyncWorkOnRoot (C:\\Users\\ASUS-16\\Documents\\projets\\github-resume-generator\\node_modules\\react-dom\\cjs\\react-dom-client.development.js:18972:7)\n    at flushSyncWorkAcrossRoots_impl (C:\\Users\\ASUS-16\\Documents\\projets\\github-resume-generator\\node_modules\\react-dom\\cjs\\react-dom-client.development.js:18814:21)\n    at processRootScheduleInMicrotask (C:\\Users\\ASUS-16\\Documents\\projets\\github-resume-generator\\node_modules\\react-dom\\cjs\\react-dom-client.development.js:18853:9)\n    at C:\\Users\\ASUS-16\\Documents\\projets\\github-resume-generator\\node_modules\\react-dom\\cjs\\react-dom-client.development.js:18991:13\n    at invokeTheCallbackFunction (C:\\Users\\ASUS-16\\Documents\\projets\\github-resume-generator\\node_modules\\jsdom\\lib\\jsdom\\living\\generated\\Function.js:19:26)\n    at C:\\Users\\ASUS-16\\Documents\\projets\\github-resume-generator\\node_modules\\jsdom\\lib\\jsdom\\browser\\Window.js:613:9\n    at node:internal/process/task_queues:151:7\n    at AsyncResource.runInAsyncScope (node:async_hooks:227:14)\n    at AsyncResource.runMicrotask (node:internal/process/task_queues:148:8)","Error: Unable to find role=\"link\" and name \"project-1\"\n\nIgnored nodes: comments, script, style\n\u001b[36m<body>\u001b[39m\n  \u001b[36m<div />\u001b[39m\n\u001b[36m</body>\u001b[39m\n    at waitForWrapper (C:\\Users\\ASUS-16\\Documents\\projets\\github-resume-generator\\node_modules\\@testing-library\\dom\\dist\\wait-for.js:163:27)\n    at C:\\Users\\ASUS-16\\Documents\\projets\\github-resume-generator\\node_modules\\@testing-library\\dom\\dist\\query-helpers.js:86:33\n    at Object.findByRole (C:\\Users\\ASUS-16\\Documents\\projets\\github-resume-generator\\app\\page.test.tsx:542:16)\n    at Promise.finally.completed (C:\\Users\\ASUS-16\\Documents\\projets\\github-resume-generator\\node_modules\\jest-circus\\build\\jestAdapterInit.js:1561:28)\n    at new Promise (<anonymous>)\n    at callAsyncCircusFn (C:\\Users\\ASUS-16\\Documents\\projets\\github-resume-generator\\node_modules\\jest-circus\\build\\jestAdapterInit.js:1501:10)\n    at _callCircusTest (C:\\Users\\ASUS-16\\Documents\\projets\\github-resume-generator\\node_modules\\jest-circus\\build\\jestAdapterInit.js:1011:40)\n    at _runTest (C:\\Users\\ASUS-16\\Documents\\projets\\github-resume-generator\\node_modules\\jest-circus\\build\\jestAdapterInit.js:951:3)\n    at C:\\Users\\ASUS-16\\Documents\\projets\\github-resume-generator\\node_modules\\jest-circus\\build\\jestAdapterInit.js:853:7\n    at _runTestsForDescribeBlock (C:\\Users\\ASUS-16\\Documents\\projets\\github-resume-generator\\node_modules\\jest-circus\\build\\jestAdapterInit.js:866:11)\n    at _runTestsForDescribeBlock (C:\\Users\\ASUS-16\\Documents\\projets\\github-resume-generator\\node_modules\\jest-circus\\build\\jestAdapterInit.js:861:11)\n    at run (C:\\Users\\ASUS-16\\Documents\\projets\\github-resume-generator\\node_modules\\jest-circus\\build\\jestAdapterInit.js:765:3)\n    at runAndTransformResultsToJestFormat (C:\\Users\\ASUS-16\\Documents\\projets\\github-resume-generator\\node_modules\\jest-circus\\build\\jestAdapterInit.js:1993:21)\n    at jestAdapter (C:\\Users\\ASUS-16\\Documents\\projets\\github-resume-generator\\node_modules\\jest-circus\\build\\runner.js:111:19)\n    at runTestInternal (C:\\Users\\ASUS-16\\Documents\\projets\\github-resume-generator\\node_modules\\jest-runner\\build\\index.js:276:16)\n    at runTest (C:\\Users\\ASUS-16\\Documents\\projets\\github-resume-generator\\node_modules\\jest-runner\\build\\index.js:344:7)"],"fullName":"Home changes repository order in the resume","invocations":1,"location":null,"numPassingAsserts":0,"retryReasons":[],"startAt":1788796522662,"status":"failed","title":"changes repository order in the resume"},{"ancestorTitles":["Home"],"duration":1026,"failing":false,"failureDetails":[{},{"name":"TestingLibraryElementError"}],"failureMessages":["RangeError: Invalid time value\n    at format (C:\\Users\\ASUS-16\\Documents\\projets\\github-resume-generator\\app\\page.tsx:651:47)\n    at Object.react_stack_bottom_frame (C:\\Users\\ASUS-16\\Documents\\projets\\github-resume-generator\\node_modules\\react-dom\\cjs\\react-dom-client.development.js:25904:20)\n    at renderWithHooks (C:\\Users\\ASUS-16\\Documents\\projets\\github-resume-generator\\node_modules\\react-dom\\cjs\\react-dom-client.development.js:7662:22)\n    at updateFunctionComponent (C:\\Users\\ASUS-16\\Documents\\projets\\github-resume-generator\\node_modules\\react-dom\\cjs\\react-dom-client.development.js:10166:19)\n    at beginWork (C:\\Users\\ASUS-16\\Documents\\projets\\github-resume-generator\\node_modules\\react-dom\\cjs\\react-dom-client.development.js:11778:18)\n    at runWithFiberInDEV (C:\\Users\\ASUS-16\\Documents\\projets\\github-resume-generator\\node_modules\\react-dom\\cjs\\react-dom-client.development.js:874:13)\n    at performUnitOfWork (C:\\Users\\ASUS-16\\Documents\\projets\\github-resume-generator\\node_modules\\react-dom\\cjs\\react-dom-client.development.js:17641:22)\n    at workLoopSync (C:\\Users\\ASUS-16\\Documents\\projets\\github-resume-generator\\node_modules\\react-dom\\cjs\\react-dom-client.development.js:17469:41)\n    at renderRootSync (C:\\Users\\ASUS-16\\Documents\\projets\\github-resume-generator\\node_modules\\react-dom\\cjs\\react-dom-client.development.js:17450:11)\n    at performWorkOnRoot (C:\\Users\\ASUS-16\\Documents\\projets\\github-resume-generator\\node_modules\\react-dom\\cjs\\react-dom-client.development.js:16583:35)\n    at performSyncWorkOnRoot (C:\\Users\\ASUS-16\\Documents\\projets\\github-resume-generator\\node_modules\\react-dom\\cjs\\react-dom-client.development.js:18972:7)\n    at flushSyncWorkAcrossRoots_impl (C:\\Users\\ASUS-16\\Documents\\projets\\github-resume-generator\\node_modules\\react-dom\\cjs\\react-dom-client.development.js:18814:21)\n    at processRootScheduleInMicrotask (C:\\Users\\ASUS-16\\Documents\\projets\\github-resume-generator\\node_modules\\react-dom\\cjs\\react-dom-client.development.js:18853:9)\n    at C:\\Users\\ASUS-16\\Documents\\projets\\github-resume-generator\\node_modules\\react-dom\\cjs\\react-dom-client.development.js:18991:13\n    at invokeTheCallbackFunction (C:\\Users\\ASUS-16\\Documents\\projets\\github-resume-generator\\node_modules\\jsdom\\lib\\jsdom\\living\\generated\\Function.js:19:26)\n    at C:\\Users\\ASUS-16\\Documents\\projets\\github-resume-generator\\node_modules\\jsdom\\lib\\jsdom\\browser\\Window.js:613:9\n    at node:internal/process/task_queues:151:7\n    at AsyncResource.runInAsyncScope (node:async_hooks:227:14)\n    at AsyncResource.runMicrotask (node:internal/process/task_queues:148:8)","Error: Unable to find an element with the text: TypeScript (6). This could be because the text is broken up by multiple elements. In this case, you can provide a function for your text matcher to make your matcher more flexible.\n\nIgnored nodes: comments, script, style\n\u001b[36m<body>\u001b[39m\n  \u001b[36m<div />\u001b[39m\n\u001b[36m</body>\u001b[39m\n    at waitForWrapper (C:\\Users\\ASUS-16\\Documents\\projets\\github-resume-generator\\node_modules\\@testing-library\\dom\\dist\\wait-for.js:163:27)\n    at C:\\Users\\ASUS-16\\Documents\\projets\\github-resume-generator\\node_modules\\@testing-library\\dom\\dist\\query-helpers.js:86:33\n    at Object.findByText (C:\\Users\\ASUS-16\\Documents\\projets\\github-resume-generator\\app\\page.test.tsx:601:18)\n    at Promise.finally.completed (C:\\Users\\ASUS-16\\Documents\\projets\\github-resume-generator\\node_modules\\jest-circus\\build\\jestAdapterInit.js:1561:28)\n    at new Promise (<anonymous>)\n    at callAsyncCircusFn (C:\\Users\\ASUS-16\\Documents\\projets\\github-resume-generator\\node_modules\\jest-circus\\build\\jestAdapterInit.js:1501:10)\n    at _callCircusTest (C:\\Users\\ASUS-16\\Documents\\projets\\github-resume-generator\\node_modules\\jest-circus\\build\\jestAdapterInit.js:1011:40)\n    at _runTest (C:\\Users\\ASUS-16\\Documents\\projets\\github-resume-generator\\node_modules\\jest-circus\\build\\jestAdapterInit.js:951:3)\n    at C:\\Users\\ASUS-16\\Documents\\projets\\github-resume-generator\\node_modules\\jest-circus\\build\\jestAdapterInit.js:853:7\n    at _runTestsForDescribeBlock (C:\\Users\\ASUS-16\\Documents\\projets\\github-resume-generator\\node_modules\\jest-circus\\build\\jestAdapterInit.js:866:11)\n    at _runTestsForDescribeBlock (C:\\Users\\ASUS-16\\Documents\\projets\\github-resume-generator\\node_modules\\jest-circus\\build\\jestAdapterInit.js:861:11)\n    at run (C:\\Users\\ASUS-16\\Documents\\projets\\github-resume-generator\\node_modules\\jest-circus\\build\\jestAdapterInit.js:765:3)\n    at runAndTransformResultsToJestFormat (C:\\Users\\ASUS-16\\Documents\\projets\\github-resume-generator\\node_modules\\jest-circus\\build\\jestAdapterInit.js:1993:21)\n    at jestAdapter (C:\\Users\\ASUS-16\\Documents\\projets\\github-resume-generator\\node_modules\\jest-circus\\build\\runner.js:111:19)\n    at runTestInternal (C:\\Users\\ASUS-16\\Documents\\projets\\github-resume-generator\\node_modules\\jest-runner\\build\\index.js:276:16)\n    at runTest (C:\\Users\\ASUS-16\\Documents\\projets\\github-resume-generator\\node_modules\\jest-runner\\build\\index.js:344:7)"],"fullName":"Home computes skills from displayed repositories only","invocations":1,"location":null,"numPassingAsserts":0,"retryReasons":[],"startAt":1788796523682,"status":"failed","title":"computes skills from displayed repositories only"},{"ancestorTitles":["Home"],"duration":1031,"failing":false,"failureDetails":[{},{"name":"TestingLibraryElementError"}],"failureMessages":["RangeError: Invalid time value\n    at format (C:\\Users\\ASUS-16\\Documents\\projets\\github-resume-generator\\app\\page.tsx:651:47)\n    at Object.react_stack_bottom_frame (C:\\Users\\ASUS-16\\Documents\\projets\\github-resume-generator\\node_modules\\react-dom\\cjs\\react-dom-client.development.js:25904:20)\n    at renderWithHooks (C:\\Users\\ASUS-16\\Documents\\projets\\github-resume-generator\\node_modules\\react-dom\\cjs\\react-dom-client.development.js:7662:22)\n    at updateFunctionComponent (C:\\Users\\ASUS-16\\Documents\\projets\\github-resume-generator\\node_modules\\react-dom\\cjs\\react-dom-client.development.js:10166:19)\n    at beginWork (C:\\Users\\ASUS-16\\Documents\\projets\\github-resume-generator\\node_modules\\react-dom\\cjs\\react-dom-client.development.js:11778:18)\n    at runWithFiberInDEV (C:\\Users\\ASUS-16\\Documents\\projets\\github-resume-generator\\node_modules\\react-dom\\cjs\\react-dom-client.development.js:874:13)\n    at performUnitOfWork (C:\\Users\\ASUS-16\\Documents\\projets\\github-resume-generator\\node_modules\\react-dom\\cjs\\react-dom-client.development.js:17641:22)\n    at workLoopSync (C:\\Users\\ASUS-16\\Documents\\projets\\github-resume-generator\\node_modules\\react-dom\\cjs\\react-dom-client.development.js:17469:41)\n    at renderRootSync (C:\\Users\\ASUS-16\\Documents\\projets\\github-resume-generator\\node_modules\\react-dom\\cjs\\react-dom-client.development.js:17450:11)\n    at performWorkOnRoot (C:\\Users\\ASUS-16\\Documents\\projets\\github-resume-generator\\node_modules\\react-dom\\cjs\\react-dom-client.development.js:16583:35)\n    at performSyncWorkOnRoot (C:\\Users\\ASUS-16\\Documents\\projets\\github-resume-generator\\node_modules\\react-dom\\cjs\\react-dom-client.development.js:18972:7)\n    at flushSyncWorkAcrossRoots_impl (C:\\Users\\ASUS-16\\Documents\\projets\\github-resume-generator\\node_modules\\react-dom\\cjs\\react-dom-client.development.js:18814:21)\n    at processRootScheduleInMicrotask (C:\\Users\\ASUS-16\\Documents\\projets\\github-resume-generator\\node_modules\\react-dom\\cjs\\react-dom-client.development.js:18853:9)\n    at C:\\Users\\ASUS-16\\Documents\\projets\\github-resume-generator\\node_modules\\react-dom\\cjs\\react-dom-client.development.js:18991:13\n    at invokeTheCallbackFunction (C:\\Users\\ASUS-16\\Documents\\projets\\github-resume-generator\\node_modules\\jsdom\\lib\\jsdom\\living\\generated\\Function.js:19:26)\n    at C:\\Users\\ASUS-16\\Documents\\projets\\github-resume-generator\\node_modules\\jsdom\\lib\\jsdom\\browser\\Window.js:613:9\n    at node:internal/process/task_queues:151:7\n    at AsyncResource.runInAsyncScope (node:async_hooks:227:14)\n    at AsyncResource.runMicrotask (node:internal/process/task_queues:148:8)","Error: Unable to find role=\"link\" and name \"project-1\"\n\nIgnored nodes: comments, script, style\n\u001b[36m<body>\u001b[39m\n  \u001b[36m<div />\u001b[39m\n\u001b[36m</body>\u001b[39m\n    at waitForWrapper (C:\\Users\\ASUS-16\\Documents\\projets\\github-resume-generator\\node_modules\\@testing-library\\dom\\dist\\wait-for.js:163:27)\n    at C:\\Users\\ASUS-16\\Documents\\projets\\github-resume-generator\\node_modules\\@testing-library\\dom\\dist\\query-helpers.js:86:33\n    at Object.findByRole (C:\\Users\\ASUS-16\\Documents\\projets\\github-resume-generator\\app\\page.test.tsx:650:15)\n    at Promise.finally.completed (C:\\Users\\ASUS-16\\Documents\\projets\\github-resume-generator\\node_modules\\jest-circus\\build\\jestAdapterInit.js:1561:28)\n    at new Promise (<anonymous>)\n    at callAsyncCircusFn (C:\\Users\\ASUS-16\\Documents\\projets\\github-resume-generator\\node_modules\\jest-circus\\build\\jestAdapterInit.js:1501:10)\n    at _callCircusTest (C:\\Users\\ASUS-16\\Documents\\projets\\github-resume-generator\\node_modules\\jest-circus\\build\\jestAdapterInit.js:1011:40)\n    at _runTest (C:\\Users\\ASUS-16\\Documents\\projets\\github-resume-generator\\node_modules\\jest-circus\\build\\jestAdapterInit.js:951:3)\n    at C:\\Users\\ASUS-16\\Documents\\projets\\github-resume-generator\\node_modules\\jest-circus\\build\\jestAdapterInit.js:853:7\n    at _runTestsForDescribeBlock (C:\\Users\\ASUS-16\\Documents\\projets\\github-resume-generator\\node_modules\\jest-circus\\build\\jestAdapterInit.js:866:11)\n    at _runTestsForDescribeBlock (C:\\Users\\ASUS-16\\Documents\\projets\\github-resume-generator\\node_modules\\jest-circus\\build\\jestAdapterInit.js:861:11)\n    at run (C:\\Users\\ASUS-16\\Documents\\projets\\github-resume-generator\\node_modules\\jest-circus\\build\\jestAdapterInit.js:765:3)\n    at runAndTransformResultsToJestFormat (C:\\Users\\ASUS-16\\Documents\\projets\\github-resume-generator\\node_modules\\jest-circus\\build\\jestAdapterInit.js:1993:21)\n    at jestAdapter (C:\\Users\\ASUS-16\\Documents\\projets\\github-resume-generator\\node_modules\\jest-circus\\build\\runner.js:111:19)\n    at runTestInternal (C:\\Users\\ASUS-16\\Documents\\projets\\github-resume-generator\\node_modules\\jest-runner\\build\\index.js:276:16)\n    at runTest (C:\\Users\\ASUS-16\\Documents\\projets\\github-resume-generator\\node_modules\\jest-runner\\build\\index.js:344:7)"],"fullName":"Home changes the number of repositories displayed","invocations":1,"location":null,"numPassingAsserts":0,"retryReasons":[],"startAt":1788796524708,"status":"failed","title":"changes the number of repositories displayed"},{"ancestorTitles":["Home"],"duration":1018,"failing":false,"failureDetails":[{},{"name":"TestingLibraryElementError"}],"failureMessages":["RangeError: Invalid time value\n    at format (C:\\Users\\ASUS-16\\Documents\\projets\\github-resume-generator\\app\\page.tsx:651:47)\n    at Object.react_stack_bottom_frame (C:\\Users\\ASUS-16\\Documents\\projets\\github-resume-generator\\node_modules\\react-dom\\cjs\\react-dom-client.development.js:25904:20)\n    at renderWithHooks (C:\\Users\\ASUS-16\\Documents\\projets\\github-resume-generator\\node_modules\\react-dom\\cjs\\react-dom-client.development.js:7662:22)\n    at updateFunctionComponent (C:\\Users\\ASUS-16\\Documents\\projets\\github-resume-generator\\node_modules\\react-dom\\cjs\\react-dom-client.development.js:10166:19)\n    at beginWork (C:\\Users\\ASUS-16\\Documents\\projets\\github-resume-generator\\node_modules\\react-dom\\cjs\\react-dom-client.development.js:11778:18)\n    at runWithFiberInDEV (C:\\Users\\ASUS-16\\Documents\\projets\\github-resume-generator\\node_modules\\react-dom\\cjs\\react-dom-client.development.js:874:13)\n    at performUnitOfWork (C:\\Users\\ASUS-16\\Documents\\projets\\github-resume-generator\\node_modules\\react-dom\\cjs\\react-dom-client.development.js:17641:22)\n    at workLoopSync (C:\\Users\\ASUS-16\\Documents\\projets\\github-resume-generator\\node_modules\\react-dom\\cjs\\react-dom-client.development.js:17469:41)\n    at renderRootSync (C:\\Users\\ASUS-16\\Documents\\projets\\github-resume-generator\\node_modules\\react-dom\\cjs\\react-dom-client.development.js:17450:11)\n    at performWorkOnRoot (C:\\Users\\ASUS-16\\Documents\\projets\\github-resume-generator\\node_modules\\react-dom\\cjs\\react-dom-client.development.js:16583:35)\n    at performSyncWorkOnRoot (C:\\Users\\ASUS-16\\Documents\\projets\\github-resume-generator\\node_modules\\react-dom\\cjs\\react-dom-client.development.js:18972:7)\n    at flushSyncWorkAcrossRoots_impl (C:\\Users\\ASUS-16\\Documents\\projets\\github-resume-generator\\node_modules\\react-dom\\cjs\\react-dom-client.development.js:18814:21)\n    at processRootScheduleInMicrotask (C:\\Users\\ASUS-16\\Documents\\projets\\github-resume-generator\\node_modules\\react-dom\\cjs\\react-dom-client.development.js:18853:9)\n    at C:\\Users\\ASUS-16\\Documents\\projets\\github-resume-generator\\node_modules\\react-dom\\cjs\\react-dom-client.development.js:18991:13\n    at invokeTheCallbackFunction (C:\\Users\\ASUS-16\\Documents\\projets\\github-resume-generator\\node_modules\\jsdom\\lib\\jsdom\\living\\generated\\Function.js:19:26)\n    at C:\\Users\\ASUS-16\\Documents\\projets\\github-resume-generator\\node_modules\\jsdom\\lib\\jsdom\\browser\\Window.js:613:9\n    at node:internal/process/task_queues:151:7\n    at AsyncResource.runInAsyncScope (node:async_hooks:227:14)\n    at AsyncResource.runMicrotask (node:internal/process/task_queues:148:8)","Error: Unable to find role=\"link\" and name \"project-1\"\n\nIgnored nodes: comments, script, style\n\u001b[36m<body>\u001b[39m\n  \u001b[36m<div />\u001b[39m\n\u001b[36m</body>\u001b[39m\n    at waitForWrapper (C:\\Users\\ASUS-16\\Documents\\projets\\github-resume-generator\\node_modules\\@testing-library\\dom\\dist\\wait-for.js:163:27)\n    at C:\\Users\\ASUS-16\\Documents\\projets\\github-resume-generator\\node_modules\\@testing-library\\dom\\dist\\query-helpers.js:86:33\n    at Object.findByRole (C:\\Users\\ASUS-16\\Documents\\projets\\github-resume-generator\\app\\page.test.tsx:735:16)\n    at Promise.finally.completed (C:\\Users\\ASUS-16\\Documents\\projets\\github-resume-generator\\node_modules\\jest-circus\\build\\jestAdapterInit.js:1561:28)\n    at new Promise (<anonymous>)\n    at callAsyncCircusFn (C:\\Users\\ASUS-16\\Documents\\projets\\github-resume-generator\\node_modules\\jest-circus\\build\\jestAdapterInit.js:1501:10)\n    at _callCircusTest (C:\\Users\\ASUS-16\\Documents\\projets\\github-resume-generator\\node_modules\\jest-circus\\build\\jestAdapterInit.js:1011:40)\n    at _runTest (C:\\Users\\ASUS-16\\Documents\\projets\\github-resume-generator\\node_modules\\jest-circus\\build\\jestAdapterInit.js:951:3)\n    at C:\\Users\\ASUS-16\\Documents\\projets\\github-resume-generator\\node_modules\\jest-circus\\build\\jestAdapterInit.js:853:7\n    at _runTestsForDescribeBlock (C:\\Users\\ASUS-16\\Documents\\projets\\github-resume-generator\\node_modules\\jest-circus\\build\\jestAdapterInit.js:866:11)\n    at _runTestsForDescribeBlock (C:\\Users\\ASUS-16\\Documents\\projets\\github-resume-generator\\node_modules\\jest-circus\\build\\jestAdapterInit.js:861:11)\n    at run (C:\\Users\\ASUS-16\\Documents\\projets\\github-resume-generator\\node_modules\\jest-circus\\build\\jestAdapterInit.js:765:3)\n    at runAndTransformResultsToJestFormat (C:\\Users\\ASUS-16\\Documents\\projets\\github-resume-generator\\node_modules\\jest-circus\\build\\jestAdapterInit.js:1993:21)\n    at jestAdapter (C:\\Users\\ASUS-16\\Documents\\projets\\github-resume-generator\\node_modules\\jest-circus\\build\\runner.js:111:19)\n    at runTestInternal (C:\\Users\\ASUS-16\\Documents\\projets\\github-resume-generator\\node_modules\\jest-runner\\build\\index.js:276:16)\n    at runTest (C:\\Users\\ASUS-16\\Documents\\projets\\github-resume-generator\\node_modules\\jest-runner\\build\\index.js:344:7)"],"fullName":"Home resets repository choices for a new username while keeping the display limit","invocations":1,"location":null,"numPassingAsserts":0,"retryReasons":[],"startAt":1788796525739,"status":"failed","title":"resets repository choices for a new username while keeping the display limit"}],"endTime":1788796526888,"message":"  ● Home › displays the profile after a successful response\n\n    RangeError: Invalid time value\n\n    \u001b[0m \u001b[90m 649 |\u001b[39m                       \u001b[33m<\u001b[39m\u001b[33mspan\u001b[39m\u001b[33m>\u001b[39m\n     \u001b[90m 650 |\u001b[39m                         \u001b[33mJoined\u001b[39m{\u001b[32m\" \"\u001b[39m}\n    \u001b[31m\u001b[1m>\u001b[22m\u001b[39m\u001b[90m 651 |\u001b[39m                         {\u001b[33mMONTH_YEAR_FORMATTER\u001b[39m\u001b[33m.\u001b[39mformat(\u001b[36mnew\u001b[39m \u001b[33mDate\u001b[39m(user\u001b[33m.\u001b[39mcreated_at))}\n     \u001b[90m     |\u001b[39m                                               \u001b[31m\u001b[1m^\u001b[22m\u001b[39m\n     \u001b[90m 652 |\u001b[39m                       \u001b[33m<\u001b[39m\u001b[33m/\u001b[39m\u001b[33mspan\u001b[39m\u001b[33m>\u001b[39m\n     \u001b[90m 653 |\u001b[39m                     \u001b[33m<\u001b[39m\u001b[33m/\u001b[39m\u001b[33mdiv\u001b[39m\u001b[33m>\u001b[39m\n     \u001b[90m 654 |\u001b[39m                   \u001b[33m<\u001b[39m\u001b[33m/\u001b[39m\u001b[33mdiv\u001b[39m\u001b[33m>\u001b[39m\u001b[0m\n\n      at format (app/page.tsx:651:47)\n      at Object.react_stack_bottom_frame (node_modules/react-dom/cjs/react-dom-client.development.js:25904:20)\n      at renderWithHooks (node_modules/react-dom/cjs/react-dom-client.development.js:7662:22)\n      at updateFunctionComponent (node_modules/react-dom/cjs/react-dom-client.development.js:10166:19)\n      at beginWork (node_modules/react-dom/cjs/react-dom-client.development.js:11778:18)\n      at runWithFiberInDEV (node_modules/react-dom/cjs/react-dom-client.development.js:874:13)\n      at performUnitOfWork (node_modules/react-dom/cjs/react-dom-client.development.js:17641:22)\n      at workLoopSync (node_modules/react-dom/cjs/react-dom-client.development.js:17469:41)\n      at renderRootSync (node_modules/react-dom/cjs/react-dom-client.development.js:17450:11)\n      at performWorkOnRoot (node_modules/react-dom/cjs/react-dom-client.development.js:16583:35)\n      at performSyncWorkOnRoot (node_modules/react-dom/cjs/react-dom-client.development.js:18972:7)\n      at flushSyncWorkAcrossRoots_impl (node_modules/react-dom/cjs/react-dom-client.development.js:18814:21)\n      at processRootScheduleInMicrotask (node_modules/react-dom/cjs/react-dom-client.development.js:18853:9)\n      at node_modules/react-dom/cjs/react-dom-client.development.js:18991:13\n      at invokeTheCallbackFunction (node_modules/jsdom/lib/jsdom/living/generated/Function.js:19:26)\n      at node_modules/jsdom/lib/jsdom/browser/Window.js:613:9\n\n  ● Home › displays the profile after a successful response\n\n    Unable to find an element with the text: m-amroune. This could be because the text is broken up by multiple elements. In this case, you can provide a function for your text matcher to make your matcher more flexible.\n\n    Ignored nodes: comments, script, style\n    \u001b[36m<body>\u001b[39m\n      \u001b[36m<div />\u001b[39m\n    \u001b[36m</body>\u001b[39m\n\n    \u001b[0m \u001b[90m 87 |\u001b[39m   )\u001b[33m;\u001b[39m\n     \u001b[90m 88 |\u001b[39m\n    \u001b[31m\u001b[1m>\u001b[22m\u001b[39m\u001b[90m 89 |\u001b[39m   expect(\u001b[36mawait\u001b[39m screen\u001b[33m.\u001b[39mfindByText(\u001b[32m\"m-amroune\"\u001b[39m))\u001b[33m.\u001b[39mtoBeInTheDocument()\u001b[33m;\u001b[39m\n     \u001b[90m    |\u001b[39m                       \u001b[31m\u001b[1m^\u001b[22m\u001b[39m\n     \u001b[90m 90 |\u001b[39m   expect(screen\u001b[33m.\u001b[39mgetByText(\u001b[32m\"Front-end developer\"\u001b[39m))\u001b[33m.\u001b[39mtoBeInTheDocument()\u001b[33m;\u001b[39m\n     \u001b[90m 91 |\u001b[39m })\u001b[33m;\u001b[39m\n     \u001b[90m 92 |\u001b[39m it(\u001b[32m\"displays the API error message\"\u001b[39m\u001b[33m,\u001b[39m \u001b[36masync\u001b[39m () \u001b[33m=>\u001b[39m {\u001b[0m\n\n      at waitForWrapper (node_modules/@testing-library/dom/dist/wait-for.js:163:27)\n      at node_modules/@testing-library/dom/dist/query-helpers.js:86:33\n      at Object.findByText (app/page.test.tsx:89:23)\n\n  ● Home › displays a message when there are no repositories\n\n    RangeError: Invalid time value\n\n    \u001b[0m \u001b[90m 649 |\u001b[39m                       \u001b[33m<\u001b[39m\u001b[33mspan\u001b[39m\u001b[33m>\u001b[39m\n     \u001b[90m 650 |\u001b[39m                         \u001b[33mJoined\u001b[39m{\u001b[32m\" \"\u001b[39m}\n    \u001b[31m\u001b[1m>\u001b[22m\u001b[39m\u001b[90m 651 |\u001b[39m                         {\u001b[33mMONTH_YEAR_FORMATTER\u001b[39m\u001b[33m.\u001b[39mformat(\u001b[36mnew\u001b[39m \u001b[33mDate\u001b[39m(user\u001b[33m.\u001b[39mcreated_at))}\n     \u001b[90m     |\u001b[39m                                               \u001b[31m\u001b[1m^\u001b[22m\u001b[39m\n     \u001b[90m 652 |\u001b[39m                       \u001b[33m<\u001b[39m\u001b[33m/\u001b[39m\u001b[33mspan\u001b[39m\u001b[33m>\u001b[39m\n     \u001b[90m 653 |\u001b[39m                     \u001b[33m<\u001b[39m\u001b[33m/\u001b[39m\u001b[33mdiv\u001b[39m\u001b[33m>\u001b[39m\n     \u001b[90m 654 |\u001b[39m                   \u001b[33m<\u001b[39m\u001b[33m/\u001b[39m\u001b[33mdiv\u001b[39m\u001b[33m>\u001b[39m\u001b[0m\n\n      at format (app/page.tsx:651:47)\n      at Object.react_stack_bottom_frame (node_modules/react-dom/cjs/react-dom-client.development.js:25904:20)\n      at renderWithHooks (node_modules/react-dom/cjs/react-dom-client.development.js:7662:22)\n      at updateFunctionComponent (node_modules/react-dom/cjs/react-dom-client.development.js:10166:19)\n      at beginWork (node_modules/react-dom/cjs/react-dom-client.development.js:11778:18)\n      at runWithFiberInDEV (node_modules/react-dom/cjs/react-dom-client.development.js:874:13)\n      at performUnitOfWork (node_modules/react-dom/cjs/react-dom-client.development.js:17641:22)\n      at workLoopSync (node_modules/react-dom/cjs/react-dom-client.development.js:17469:41)\n      at renderRootSync (node_modules/react-dom/cjs/react-dom-client.development.js:17450:11)\n      at performWorkOnRoot (node_modules/react-dom/cjs/react-dom-client.development.js:16583:35)\n      at performSyncWorkOnRoot (node_modules/react-dom/cjs/react-dom-client.development.js:18972:7)\n      at flushSyncWorkAcrossRoots_impl (node_modules/react-dom/cjs/react-dom-client.development.js:18814:21)\n      at processRootScheduleInMicrotask (node_modules/react-dom/cjs/react-dom-client.development.js:18853:9)\n      at node_modules/react-dom/cjs/react-dom-client.development.js:18991:13\n      at invokeTheCallbackFunction (node_modules/jsdom/lib/jsdom/living/generated/Function.js:19:26)\n      at node_modules/jsdom/lib/jsdom/browser/Window.js:613:9\n\n  ● Home › displays a message when there are no repositories\n\n    Unable to find an element with the text: No repositories to display.. This could be because the text is broken up by multiple elements. In this case, you can provide a function for your text matcher to make your matcher more flexible.\n\n    Ignored nodes: comments, script, style\n    \u001b[36m<body>\u001b[39m\n      \u001b[36m<div />\u001b[39m\n    \u001b[36m</body>\u001b[39m\n\n    \u001b[0m \u001b[90m 144 |\u001b[39m\n     \u001b[90m 145 |\u001b[39m   expect(\n    \u001b[31m\u001b[1m>\u001b[22m\u001b[39m\u001b[90m 146 |\u001b[39m     \u001b[36mawait\u001b[39m screen\u001b[33m.\u001b[39mfindByText(\u001b[32m\"No repositories to display.\"\u001b[39m)\u001b[33m,\u001b[39m\n     \u001b[90m     |\u001b[39m                  \u001b[31m\u001b[1m^\u001b[22m\u001b[39m\n     \u001b[90m 147 |\u001b[39m   )\u001b[33m.\u001b[39mtoBeInTheDocument()\u001b[33m;\u001b[39m\n     \u001b[90m 148 |\u001b[39m })\u001b[33m;\u001b[39m\n     \u001b[90m 149 |\u001b[39m\u001b[0m\n\n      at waitForWrapper (node_modules/@testing-library/dom/dist/wait-for.js:163:27)\n      at node_modules/@testing-library/dom/dist/query-helpers.js:86:33\n      at Object.findByText (app/page.test.tsx:146:18)\n\n  ● Home › removes a repository from the resume when it is deselected\n\n    RangeError: Invalid time value\n\n    \u001b[0m \u001b[90m 649 |\u001b[39m                       \u001b[33m<\u001b[39m\u001b[33mspan\u001b[39m\u001b[33m>\u001b[39m\n     \u001b[90m 650 |\u001b[39m                         \u001b[33mJoined\u001b[39m{\u001b[32m\" \"\u001b[39m}\n    \u001b[31m\u001b[1m>\u001b[22m\u001b[39m\u001b[90m 651 |\u001b[39m                         {\u001b[33mMONTH_YEAR_FORMATTER\u001b[39m\u001b[33m.\u001b[39mformat(\u001b[36mnew\u001b[39m \u001b[33mDate\u001b[39m(user\u001b[33m.\u001b[39mcreated_at))}\n     \u001b[90m     |\u001b[39m                                               \u001b[31m\u001b[1m^\u001b[22m\u001b[39m\n     \u001b[90m 652 |\u001b[39m                       \u001b[33m<\u001b[39m\u001b[33m/\u001b[39m\u001b[33mspan\u001b[39m\u001b[33m>\u001b[39m\n     \u001b[90m 653 |\u001b[39m                     \u001b[33m<\u001b[39m\u001b[33m/\u001b[39m\u001b[33mdiv\u001b[39m\u001b[33m>\u001b[39m\n     \u001b[90m 654 |\u001b[39m                   \u001b[33m<\u001b[39m\u001b[33m/\u001b[39m\u001b[33mdiv\u001b[39m\u001b[33m>\u001b[39m\u001b[0m\n\n      at format (app/page.tsx:651:47)\n      at Object.react_stack_bottom_frame (node_modules/react-dom/cjs/react-dom-client.development.js:25904:20)\n      at renderWithHooks (node_modules/react-dom/cjs/react-dom-client.development.js:7662:22)\n      at updateFunctionComponent (node_modules/react-dom/cjs/react-dom-client.development.js:10166:19)\n      at beginWork (node_modules/react-dom/cjs/react-dom-client.development.js:11778:18)\n      at runWithFiberInDEV (node_modules/react-dom/cjs/react-dom-client.development.js:874:13)\n      at performUnitOfWork (node_modules/react-dom/cjs/react-dom-client.development.js:17641:22)\n      at workLoopSync (node_modules/react-dom/cjs/react-dom-client.development.js:17469:41)\n      at renderRootSync (node_modules/react-dom/cjs/react-dom-client.development.js:17450:11)\n      at performWorkOnRoot (node_modules/react-dom/cjs/react-dom-client.development.js:16583:35)\n      at performSyncWorkOnRoot (node_modules/react-dom/cjs/react-dom-client.development.js:18972:7)\n      at flushSyncWorkAcrossRoots_impl (node_modules/react-dom/cjs/react-dom-client.development.js:18814:21)\n      at processRootScheduleInMicrotask (node_modules/react-dom/cjs/react-dom-client.development.js:18853:9)\n      at node_modules/react-dom/cjs/react-dom-client.development.js:18991:13\n      at invokeTheCallbackFunction (node_modules/jsdom/lib/jsdom/living/generated/Function.js:19:26)\n      at node_modules/jsdom/lib/jsdom/browser/Window.js:613:9\n\n  ● Home › removes a repository from the resume when it is deselected\n\n    Unable to find role=\"link\" and name \"project-1\"\n\n    Ignored nodes: comments, script, style\n    \u001b[36m<body>\u001b[39m\n      \u001b[36m<div />\u001b[39m\n    \u001b[36m</body>\u001b[39m\n\n    \u001b[0m \u001b[90m 189 |\u001b[39m   )\u001b[33m;\u001b[39m\n     \u001b[90m 190 |\u001b[39m\n    \u001
[...]
  \u001b[0m \u001b[90m 649 |\u001b[39m                       \u001b[33m<\u001b[39m\u001b[33mspan\u001b[39m\u001b[33m>\u001b[39m\n     \u001b[90m 650 |\u001b[39m                         \u001b[33mJoined\u001b[39m{\u001b[32m\" \"\u001b[39m}\n    \u001b[31m\u001b[1m>\u001b[22m\u001b[39m\u001b[90m 651 |\u001b[39m                         {\u001b[33mMONTH_YEAR_FORMATTER\u001b[39m\u001b[33m.\u001b[39mformat(\u001b[36mnew\u001b[39m \u001b[33mDate\u001b[39m(user\u001b[33m.\u001b[39mcreated_at))}\n     \u001b[90m     |\u001b[39m                                               \u001b[31m\u001b[1m^\u001b[22m\u001b[39m\n     \u001b[90m 652 |\u001b[39m                       \u001b[33m<\u001b[39m\u001b[33m/\u001b[39m\u001b[33mspan\u001b[39m\u001b[33m>\u001b[39m\n     \u001b[90m 653 |\u001b[39m                     \u001b[33m<\u001b[39m\u001b[33m/\u001b[39m\u001b[33mdiv\u001b[39m\u001b[33m>\u001b[39m\n     \u001b[90m 654 |\u001b[39m                   \u001b[33m<\u001b[39m\u001b[33m/\u001b[39m\u001b[33mdiv\u001b[39m\u001b[33m>\u001b[39m\u001b[0m\n\n      at format (app/page.tsx:651:47)\n      at Object.react_stack_bottom_frame (node_modules/react-dom/cjs/react-dom-client.development.js:25904:20)\n      at renderWithHooks (node_modules/react-dom/cjs/react-dom-client.development.js:7662:22)\n      at updateFunctionComponent (node_modules/react-dom/cjs/react-dom-client.development.js:10166:19)\n      at beginWork (node_modules/react-dom/cjs/react-dom-client.development.js:11778:18)\n      at runWithFiberInDEV (node_modules/react-dom/cjs/react-dom-client.development.js:874:13)\n      at performUnitOfWork (node_modules/react-dom/cjs/react-dom-client.development.js:17641:22)\n      at workLoopSync (node_modules/react-dom/cjs/react-dom-client.development.js:17469:41)\n      at renderRootSync (node_modules/react-dom/cjs/react-dom-client.development.js:17450:11)\n      at performWorkOnRoot (node_modules/react-dom/cjs/react-dom-client.development.js:16583:35)\n      at performSyncWorkOnRoot (node_modules/react-dom/cjs/react-dom-client.development.js:18972:7)\n      at flushSyncWorkAcrossRoots_impl (node_modules/react-dom/cjs/react-dom-client.development.js:18814:21)\n      at processRootScheduleInMicrotask (node_modules/react-dom/cjs/react-dom-client.development.js:18853:9)\n      at node_modules/react-dom/cjs/react-dom-client.development.js:18991:13\n      at invokeTheCallbackFunction (node_modules/jsdom/lib/jsdom/living/generated/Function.js:19:26)\n      at node_modules/jsdom/lib/jsdom/browser/Window.js:613:9\n\n  ● Home › computes skills from displayed repositories only\n\n    Unable to find an element with the text: TypeScript (6). This could be because the text is broken up by multiple elements. In this case, you can provide a function for your text matcher to make your matcher more flexible.\n\n    Ignored nodes: comments, script, style\n    \u001b[36m<body>\u001b[39m\n      \u001b[36m<div />\u001b[39m\n    \u001b[36m</body>\u001b[39m\n\n    \u001b[0m \u001b[90m 599 |\u001b[39m\n     \u001b[90m 600 |\u001b[39m   expect(\n    \u001b[31m\u001b[1m>\u001b[22m\u001b[39m\u001b[90m 601 |\u001b[39m     \u001b[36mawait\u001b[39m screen\u001b[33m.\u001b[39mfindByText(\u001b[32m\"TypeScript (6)\"\u001b[39m)\u001b[33m,\u001b[39m\n     \u001b[90m     |\u001b[39m                  \u001b[31m\u001b[1m^\u001b[22m\u001b[39m\n     \u001b[90m 602 |\u001b[39m   )\u001b[33m.\u001b[39mtoBeInTheDocument()\u001b[33m;\u001b[39m\n     \u001b[90m 603 |\u001b[39m\n     \u001b[90m 604 |\u001b[39m   expect(\u001b[0m\n\n      at waitForWrapper (node_modules/@testing-library/dom/dist/wait-for.js:163:27)\n      at node_modules/@testing-library/dom/dist/query-helpers.js:86:33\n      at Object.findByText (app/page.test.tsx:601:18)\n\n  ● Home › changes the number of repositories displayed\n\n    RangeError: Invalid time value\n\n    \u001b[0m \u001b[90m 649 |\u001b[39m                       \u001b[33m<\u001b[39m\u001b[33mspan\u001b[39m\u001b[33m>\u001b[39m\n     \u001b[90m 650 |\u001b[39m                         \u001b[33mJoined\u001b[39m{\u001b[32m\" \"\u001b[39m}\n    \u001b[31m\u001b[1m>\u001b[22m\u001b[39m\u001b[90m 651 |\u001b[39m                         {\u001b[33mMONTH_YEAR_FORMATTER\u001b[39m\u001b[33m.\u001b[39mformat(\u001b[36mnew\u001b[39m \u001b[33mDate\u001b[39m(user\u001b[33m.\u001b[39mcreated_at))}\n     \u001b[90m     |\u001b[39m                                               \u001b[31m\u001b[1m^\u001b[22m\u001b[39m\n     \u001b[90m 652 |\u001b[39m                       \u001b[33m<\u001b[39m\u001b[33m/\u001b[39m\u001b[33mspan\u001b[39m\u001b[33m>\u001b[39m\n     \u001b[90m 653 |\u001b[39m                     \u001b[33m<\u001b[39m\u001b[33m/\u001b[39m\u001b[33mdiv\u001b[39m\u001b[33m>\u001b[39m\n     \u001b[90m 654 |\u001b[39m                   \u001b[33m<\u001b[39m\u001b[33m/\u001b[39m\u001b[33mdiv\u001b[39m\u001b[33m>\u001b[39m\u001b[0m\n\n      at format (app/page.tsx:651:47)\n      at Object.react_stack_bottom_frame (node_modules/react-dom/cjs/react-dom-client.development.js:25904:20)\n      at renderWithHooks (node_modules/react-dom/cjs/react-dom-client.development.js:7662:22)\n      at updateFunctionComponent (node_modules/react-dom/cjs/react-dom-client.development.js:10166:19)\n      at beginWork (node_modules/react-dom/cjs/react-dom-client.development.js:11778:18)\n      at runWithFiberInDEV (node_modules/react-dom/cjs/react-dom-client.development.js:874:13)\n      at performUnitOfWork (node_modules/react-dom/cjs/react-dom-client.development.js:17641:22)\n      at workLoopSync (node_modules/react-dom/cjs/react-dom-client.development.js:17469:41)\n      at renderRootSync (node_modules/react-dom/cjs/react-dom-client.development.js:17450:11)\n      at performWorkOnRoot (node_modules/react-dom/cjs/react-dom-client.development.js:16583:35)\n      at performSyncWorkOnRoot (node_modules/react-dom/cjs/react-dom-client.development.js:18972:7)\n      at flushSyncWorkAcrossRoots_impl (node_modules/react-dom/cjs/react-dom-client.development.js:18814:21)\n      at processRootScheduleInMicrotask (node_modules/react-dom/cjs/react-dom-client.development.js:18853:9)\n      at node_modules/react-dom/cjs/react-dom-client.development.js:18991:13\n      at invokeTheCallbackFunction (node_modules/jsdom/lib/jsdom/living/generated/Function.js:19:26)\n      at node_modules/jsdom/lib/jsdom/browser/Window.js:613:9\n\n  ● Home › changes the number of repositories displayed\n\n    Unable to find role=\"link\" and name \"project-1\"\n\n    Ignored nodes: comments, script, style\n    \u001b[36m<body>\u001b[39m\n      \u001b[36m<div />\u001b[39m\n    \u001b[36m</body>\u001b[39m\n\n    \u001b[0m \u001b[90m 648 |\u001b[39m   )\u001b[33m;\u001b[39m\n     \u001b[90m 649 |\u001b[39m\n    \u001b[31m\u001b[1m>\u001b[22m\u001b[39m\u001b[90m 650 |\u001b[39m  \u001b[36mawait\u001b[39m screen\u001b[33m.\u001b[39mfindByRole(\u001b[32m\"link\"\u001b[39m\u001b[33m,\u001b[39m { name\u001b[33m:\u001b[39m \u001b[32m\"project-1\"\u001b[39m })\u001b[33m;\u001b[39m\n     \u001b[90m     |\u001b[39m               \u001b[31m\u001b[1m^\u001b[22m\u001b[39m\n     \u001b[90m 651 |\u001b[39m\n     \u001b[90m 652 |\u001b[39m   expect(\n     \u001b[90m 653 |\u001b[39m   screen\u001b[33m.\u001b[39mqueryByRole(\u001b[32m\"link\"\u001b[39m\u001b[33m,\u001b[39m { name\u001b[33m:\u001b[39m \u001b[32m\"project-10\"\u001b[39m })\u001b[33m,\u001b[39m\u001b[0m\n\n      at waitForWrapper (node_modules/@testing-library/dom/dist/wait-for.js:163:27)\n      at node_modules/@testing-library/dom/dist/query-helpers.js:86:33\n      at Object.findByRole (app/page.test.tsx:650:15)\n\n  ● Home › resets repository choices for a new username while keeping the display limit\n\n    RangeError: Invalid time value\n\n    \u001b[0m \u001b[90m 649 |\u001b[39m                       \u001b[33m<\u001b[39m\u001b[33mspan\u001b[39m\u001b[33m>\u001b[39m\n     \u001b[90m 650 |\u001b[39m                         \u001b[33mJoined\u001b[39m{\u001b[32m\" \"\u001b[39m}\n    \u001b[31m\u001b[1m>\u001b[22m\u001b[39m\u001b[90m 651 |\u001b[39m                         {\u001b[33mMONTH_YEAR_FORMATTER\u001b[39m\u001b[33m.\u001b[39mformat(\u001b[36mnew\u001b[39m \u001b[33mDate\u001b[39m(user\u001b[33m.\u001b[39mcreated_at))}\n     \u001b[90m     |\u001b[39m                                               \u001b[31m\u001b[1m^\u001b[22m\u001b[39m\n     \u001b[90m 652 |\u001b[39m                       \u001b[33m<\u001b[39m\u001b[33m/\u001b[39m\u001b[33mspan\u001b[39m\u001b[33m>\u001b[39m\n     \u001b[90m 653 |\u001b[39m                     \u001b[33m<\u001b[39m\u001b[33m/\u001b[39m\u001b[33mdiv\u001b[39m\u001b[33m>\u001b[39m\n     \u001b[90m 654 |\u001b[39m                   \u001b[33m<\u001b[39m\u001b[33m/\u001b[39m\u001b[33mdiv\u001b[39m\u001b[33m>\u001b[39m\u001b[0m\n\n      at format (app/page.tsx:651:47)\n      at Object.react_stack_bottom_frame (node_modules/react-dom/cjs/react-dom-client.development.js:25904:20)\n      at renderWithHooks (node_modules/react-dom/cjs/react-dom-client.development.js:7662:22)\n      at updateFunctionComponent (node_modules/react-dom/cjs/react-dom-client.development.js:10166:19)\n      at beginWork (node_modules/react-dom/cjs/react-dom-client.development.js:11778:18)\n      at runWithFiberInDEV (node_modules/react-dom/cjs/react-dom-client.development.js:874:13)\n      at performUnitOfWork (node_modules/react-dom/cjs/react-dom-client.development.js:17641:22)\n      at workLoopSync (node_modules/react-dom/cjs/react-dom-client.development.js:17469:41)\n      at renderRootSync (node_modules/react-dom/cjs/react-dom-client.development.js:17450:11)\n      at performWorkOnRoot (node_modules/react-dom/cjs/react-dom-client.development.js:16583:35)\n      at performSyncWorkOnRoot (node_modules/react-dom/cjs/react-dom-client.development.js:18972:7)\n      at flushSyncWorkAcrossRoots_impl (node_modules/react-dom/cjs/react-dom-client.development.js:18814:21)\n      at processRootScheduleInMicrotask (node_modules/react-dom/cjs/react-dom-client.development.js:18853:9)\n      at node_modules/react-dom/cjs/react-dom-client.development.js:18991:13\n      at invokeTheCallbackFunction (node_modules/jsdom/lib/jsdom/living/generated/Function.js:19:26)\n      at node_modules/jsdom/lib/jsdom/browser/Window.js:613:9\n\n  ● Home › resets repository choices for a new username while keeping the display limit\n\n    Unable to find role=\"link\" and name \"project-1\"\n\n    Ignored nodes: comments, script, style\n    \u001b[36m<body>\u001b[39m\n      \u001b[36m<div />\u001b[39m\n    \u001b[36m</body>\u001b[39m\n\n    \u001b[0m \u001b[90m 733 |\u001b[39m   fireEvent\u001b[33m.\u001b[39msubmit(firstSearchInput\u001b[33m.\u001b[39mclosest(\u001b[32m\"form\"\u001b[39m)\u001b[33m!\u001b[39m)\u001b[33m;\u001b[39m\n     \u001b[90m 734 |\u001b[39m\n    \u001b[31m\u001b[1m>\u001b[22m\u001b[39m\u001b[90m 735 |\u001b[39m   \u001b[36mawait\u001b[39m screen\u001b[33m.\u001b[39mfindByRole(\u001b[32m\"link\"\u001b[39m\u001b[33m,\u001b[39m {\n     \u001b[90m     |\u001b[39m                \u001b[31m\u001b[1m^\u001b[22m\u001b[39m\n     \u001b[90m 736 |\u001b[39m     name\u001b[33m:\u001b[39m \u001b[32m\"project-1\"\u001b[39m\u001b[33m,\u001b[39m\n     \u001b[90m 737 |\u001b[39m   })\u001b[33m;\u001b[39m\n     \u001b[90m 738 |\u001b[39m\u001b[0m\n\n      at waitForWrapper (node_modules/@testing-library/dom/dist/wait-for.js:163:27)\n      at node_modules/@testing-library/dom/dist/query-helpers.js:86:33\n      at Object.findByRole (app/page.test.tsx:735:16)\n","name":"C:\\Users\\ASUS-16\\Documents\\projets\\github-resume-generator\\app\\page.test.tsx","startTime":1788796514016,"status":"failed","summary":""},{"assertionResults":[{"ancestorTitles":["SearchForm"],"duration":14,"failing":false,"failureDetails":[],"failureMessages":[],"fullName":"SearchForm displays the input and submit button","invocations":1,"location":null,"numPassingAsserts":2,"retryReasons":[],"startAt":1788796527012,"status":"passed","title":"displays the input and submit button"},{"ancestorTitles":["SearchForm"],"duration":6,"failing":false,"failureDetails":[],"failureMessages":[],"fullName":"SearchForm submits a valid username","invocations":1,"location":null,"numPassingAsserts":1,"retryReasons":[],"startAt":1788796527026,"status":"passed","title":"submits a valid username"},{"ancestorTitles":["SearchForm"],"duration":5,"failing":false,"failureDetails":[],"failureMessages":[],"fullName":"SearchForm displays an error for an invalid username","invocations":1,"location":null,"numPassingAsserts":2,"retryReasons":[],"startAt":1788796527032,"status":"passed","title":"displays an error for an invalid username"},{"ancestorTitles":["SearchForm"],"duration":3,"failing":false,"failureDetails":[],"failureMessages":[],"fullName":"SearchForm disables the submit button","invocations":1,"location":null,"numPassingAsserts":1,"retryReasons":[],"startAt":1788796527037,"status":"passed","title":"disables the submit button"}],"endTime":1788796527040,"message":"","name":"C:\\Users\\ASUS-16\\Documents\\projets\\github-resume-generator\\components\\SearchForm.test.tsx","startTime":1788796526931,"status":"passed","summary":""},{"assertionResults":[{"ancestorTitles":["selectTopRepos"],"duration":0,"failing":false,"failureDetails":[],"failureMessages":[],"fullName":"selectTopRepos excludes forks","invocations":1,"location":null,"numPassingAsserts":2,"retryReasons":[],"startAt":1788796527126,"status":"passed","title":"excludes forks"},{"ancestorTitles":["selectTopRepos"],"duration":0,"failing":false,"failureDetails":[],"failureMessages":[],"fullName":"selectTopRepos excludes repositories without a description","invocations":1,"location":null,"numPassingAsserts":2,"retryReasons":[],"startAt":1788796527127,"status":"passed","title":"excludes repositories without a description"},{"ancestorTitles":["selectTopRepos"],"duration":0,"failing":false,"failureDetails":[],"failureMessages":[],"fullName":"selectTopRepos sorts repositories by stars","invocations":1,"location":null,"numPassingAsserts":1,"retryReasons":[],"startAt":1788796527127,"status":"passed","title":"sorts repositories by stars"},{"ancestorTitles":["selectTopRepos"],"duration":0,"failing":false,"failureDetails":[],"failureMessages":[],"fullName":"selectTopRepos limits the result to 6 repositories","invocations":1,"location":null,"numPassingAsserts":1,"retryReasons":[],"startAt":1788796527127,"status":"passed","title":"limits the result to 6 repositories"},{"ancestorTitles":["selectTopRepos"],"duration":1,"failing":false,"failureDetails":[],"failureMessages":[],"fullName":"selectTopRepos uses a custom repository limit","invocations":1,"location":null,"numPassingAsserts":1,"retryReasons":[],"startAt":1788796527127,"status":"passed","title":"uses a custom repository limit"},{"ancestorTitles":["selectTopRepos"],"duration":0,"failing":false,"failureDetails":[],"failureMessages":[],"fullName":"selectTopRepos sorts repositories by update date when none have stars","invocations":1,"location":null,"numPassingAsserts":1,"retryReasons":[],"startAt":1788796527128,"status":"passed","title":"sorts repositories by update date when none have stars"},{"ancestorTitles":["selectTopRepos"],"duration":0,"failing":false,"failureDetails":[],"failureMessages":[],"fullName":"selectTopRepos fills the requested limit with fallback repositories","invocations":1,"location":null,"numPassingAsserts":2,"retryReasons":[],"startAt":1788796527128,"status":"passed","title":"fills the requested limit with fallback repositories"}],"endTime":1788796527128,"message":"","name":"C:\\Users\\ASUS-16\\Documents\\projets\\github-resume-generator\\utils\\selectTopRepos.test.ts","startTime":1788796527049,"status":"passed","summary":""},{"assertionResults":[{"ancestorTitles":["getTopLanguages"],"duration":1,"failing":false,"failureDetails":[],"failureMessages":[],"fullName":"getTopLanguages counts language occurrences","invocations":1,"location":null,"numPassingAsserts":1,"retryReasons":[],"startAt":1788796527191,"status":"passed","title":"counts language occurrences"},{"ancestorTitles":["getTopLanguages"],"duration":0,"failing":false,"failureDetails":[],"failureMessages":[],"fullName":"getTopLanguages ignores repositories without a language","invocations":1,"location":null,"numPassingAsserts":1,"retryReasons":[],"startAt":1788796527192,"status":"passed","title":"ignores repositories without a language"},{"ancestorTitles":["getTopLanguages"],"duration":0,"failing":false,"failureDetails":[],"failureMessages":[],"fullName":"getTopLanguages sorts languages by frequency","invocations":1,"location":null,"numPassingAsserts":1,"retryReasons":[],"startAt":1788796527192,"status":"passed","title":"sorts languages by frequency"},{"ancestorTitles":["getTopLanguages"],"duration":1,"failing":false,"failureDetails":[],"failureMessages":[],"fullName":"getTopLanguages limits the result to 5 languages","invocations":1,"location":null,"numPassingAsserts":1,"retryReasons":[],"startAt":1788796527192,"status":"passed","title":"limits the result to 5 languages"}],"endTime":1788796527193,"message":"","name":"C:\\Users\\ASUS-16\\Documents\\projets\\github-resume-generator\\utils\\getTopLanguages.test.ts","startTime":1788796527135,"status":"passed","summary":""},{"assertionResults":[{"ancestorTitles":["isValidUsername"],"duration":0,"failing":false,"failureDetails":[],"failureMessages":[],"fullName":"isValidUsername accepts a valid username","invocations":1,"location":null,"numPassingAsserts":1,"retryReasons":[],"startAt":1788796527258,"status":"passed","title":"accepts a valid username"},{"ancestorTitles":["isValidUsername"],"duration":0,"failing":false,"failureDetails":[],"failureMessages":[],"fullName":"isValidUsername rejects an empty username","invocations":1,"location":null,"numPassingAsserts":1,"retryReasons":[],"startAt":1788796527259,"status":"passed","title":"rejects an empty username"},{"ancestorTitles":["isValidUsername"],"duration":0,"failing":false,"failureDetails":[],"failureMessages":[],"fullName":"isValidUsername rejects invalid characters","invocations":1,"location":null,"numPassingAsserts":3,"retryReasons":[],"startAt":1788796527259,"status":"passed","title":"rejects invalid characters"},{"ancestorTitles":["isValidUsername"],"duration":0,"failing":false,"failureDetails":[],"failureMessages":[],"fullName":"isValidUsername rejects invalid format or length","invocations":1,"location":null,"numPassingAsserts":4,"retryReasons":[],"startAt":1788796527259,"status":"passed","title":"rejects invalid format or length"}],"endTime":1788796527260,"message":"","name":"C:\\Users\\ASUS-16\\Documents\\projets\\github-resume-generator\\utils\\isValidUsername.test.ts","startTime":1788796527199,"status":"passed","summary":""},{"assertionResults":[{"ancestorTitles":["getDaysAgo"],"duration":0,"failing":false,"failureDetails":[],"failureMessages":[],"fullName":"getDaysAgo returns \"Updated today\" for today","invocations":1,"location":null,"numPassingAsserts":1,"retryReasons":[],"startAt":1788796527329,"status":"passed","title":"returns \"Updated today\" for today"},{"ancestorTitles":["getDaysAgo"],"duration":1,"failing":false,"failureDetails":[],"failureMessages":[],"fullName":"getDaysAgo returns \"Updated 1 day ago\" for yesterday","invocations":1,"location":null,"numPassingAsserts":1,"retryReasons":[],"startAt":1788796527329,"status":"passed","title":"returns \"Updated 1 day ago\" for yesterday"},{"ancestorTitles":["getDaysAgo"],"duration":0,"failing":false,"failureDetails":[],"failureMessages":[],"fullName":"getDaysAgo returns the number of days for an older update","invocations":1,"location":null,"numPassingAsserts":1,"retryReasons":[],"startAt":1788796527330,"status":"passed","title":"returns the number of days for an older update"}],"endTime":1788796527330,"message":"","name":"C:\\Users\\ASUS-16\\Documents\\projets\\github-resume-generator\\utils\\getDaysAgo.test.ts","startTime":1788796527266,"status":"passed","summary":""}],"wasInterrupted":false}
