{"numFailedTestSuites":1,"numFailedTests":1,"numPassedTestSuites":0,"numPassedTests":11,"numPendingTestSuites":0,"numPendingTests":0,"numRuntimeErrorTestSuites":0,"numTodoTests":0,"numTotalTestSuites":1,"numTotalTests":12,"openHandles":[],"snapshot":{"added":0,"didUpdate":false,"failure":false,"filesAdded":0,"filesRemoved":0,"filesRemovedList":[],"filesUnmatched":0,"filesUpdated":0,"matched":0,"total":0,"unchecked":0,"uncheckedKeysByFile":[],"unmatched":0,"updated":0},"startTime":1788797550863,"success":false,"testResults":[{"assertionResults":[{"ancestorTitles":["Home"],"duration":39,"failing":false,"failureDetails":[],"failureMessages":[],"fullName":"Home displays loading while generating the resume","invocations":1,"location":null,"numPassingAsserts":1,"retryReasons":[],"startAt":1788797551478,"status":"passed","title":"displays loading while generating the resume"},{"ancestorTitles":["Home"],"duration":65,"failing":false,"failureDetails":[],"failureMessages":[],"fullName":"Home displays the profile after a successful response","invocations":1,"location":null,"numPassingAsserts":2,"retryReasons":[],"startAt":1788797551518,"status":"passed","title":"displays the profile after a successful response"},{"ancestorTitles":["Home"],"duration":32,"failing":false,"failureDetails":[],"failureMessages":[],"fullName":"Home displays the API error message","invocations":1,"location":null,"numPassingAsserts":1,"retryReasons":[],"startAt":1788797551583,"status":"passed","title":"displays the API error message"},{"ancestorTitles":["Home"],"duration":47,"failing":false,"failureDetails":[],"failureMessages":[],"fullName":"Home displays a message when there are no repositories","invocations":1,"location":null,"numPassingAsserts":1,"retryReasons":[],"startAt":1788797551615,"status":"passed","title":"displays a message when there are no repositories"},{"ancestorTitles":["Home"],"duration":103,"failing":false,"failureDetails":[],"failureMessages":[],"fullName":"Home removes a repository from the resume when it is deselected","invocations":1,"location":null,"numPassingAsserts":1,"retryReasons":[],"startAt":1788797551663,"status":"passed","title":"removes a repository from the resume when it is deselected"},{"ancestorTitles":["Home"],"duration":100,"failing":false,"failureDetails":[],"failureMessages":[],"fullName":"Home adds another repository after one is deselected","invocations":1,"location":null,"numPassingAsserts":2,"retryReasons":[],"startAt":1788797551766,"status":"passed","title":"adds another repository after one is deselected"},{"ancestorTitles":["Home"],"duration":71,"failing":false,"failureDetails":[],"failureMessages":[],"fullName":"Home prevents selecting more repositories than the current limit","invocations":1,"location":null,"numPassingAsserts":1,"retryReasons":[],"startAt":1788797551866,"status":"passed","title":"prevents selecting more repositories than the current limit"},{"ancestorTitles":["Home"],"duration":58,"failing":false,"failureDetails":[],"failureMessages":[],"fullName":"Home changes repository order in the resume","invocations":1,"location":null,"numPassingAsserts":1,"retryReasons":[],"startAt":1788797551937,"status":"passed","title":"changes repository order in the resume"},{"ancestorTitles":["Home"],"duration":53,"failing":false,"failureDetails":[{"name":"TestingLibraryElementError"}],"failureMessages":["TestingLibraryElementError: Found multiple elements with the text: TypeScript\n\nHere are the matching elements:\n\nIgnored nodes: comments, script, style\n\u001b[36m<span\u001b[39m\n  \u001b[33mclass\u001b[39m=\u001b[32m\"text-[#34445e]\"\u001b[39m\n\u001b[36m>\u001b[39m\n  \u001b[0mTypeScript\u001b[0m\n\u001b[36m</span>\u001b[39m\n\nIgnored nodes: comments, script, style\n\u001b[36m<span\u001b[39m\n  \u001b[33mclass\u001b[39m=\u001b[32m\"font-medium text-[#40577d]\"\u001b[39m\n\u001b[36m>\u001b[39m\n  \u001b[0mTypeScript\u001b[0m\n\u001b[36m</span>\u001b[39m\n\nIgnored nodes: comments, script, style\n\u001b[36m<span\u001b[39m\n  \u001b[33mclass\u001b[39m=\u001b[32m\"font-medium text-[#40577d]\"\u001b[39m\n\u001b[36m>\u001b[39m\n  \u001b[0mTypeScript\u001b[0m\n\u001b[36m</span>\u001b[39m\n\nIgnored nodes: comments, script, style\n\u001b[36m<span\u001b[39m\n  \u001b[33mclass\u001b[39m=\u001b[32m\"font-medium text-[#40577d]\"\u001b[39m\n\u001b[36m>\u001b[39m\n  \u001b[0mTypeScript\u001b[0m\n\u001b[36m</span>\u001b[39m\n\nIgnored nodes: comments, script, style\n\u001b[36m<span\u001b[39m\n  \u001b[33mclass\u001b[39m=\u001b[32m\"font-medium text-[#40577d]\"\u001b[39m\n\u001b[36m>\u001b[39m\n  \u001b[0mTypeScript\u001b[0m\n\u001b[36m</span>\u001b[39m\n\nIgnored nodes: comments, script, style\n\u001b[36m<span\u001b[39m\n  \u001b[33mclass\u001b[39m=\u001b[32m\"font-medium text-[#40577d]\"\u001b[39m\n\u001b[36m>\u001b[39m\n  \u001b[0mTypeScript\u001b[0m\n\u001b[36m</span>\u001b[39m\n\nIgnored nodes: comments, script, style\n\u001b[36m<span\u001b[39m\n  \u001b[33mclass\u001b[39m=\u001b[32m\"font-medium text-[#40577d]\"\u001b[39m\n\u001b[36m>\u001b[39m\n  \u001b[0mTypeScript\u001b[0m\n\u001b[36m</span>\u001b[39m\n\n(If this is intentional, then use the `*AllBy*` variant of the query (like `queryAllByText`, `getAllByText`, or `findAllByText`)).\n\nIgnored nodes: comments, script, style\n\u001b[36m<body>\u001b[39m\n  \u001b[36m<div>\u001b[39m\n    \u001b[36m<div\u001b[39m\n      \u001b[33mclass\u001b[39m=\u001b[32m\"min-h-screen bg-[#f3f1ec]\"\u001b[39m\n    \u001b[36m>\u001b[39m\n      \u001b[36m<main\u001b[39m\n        \u001b[33mclass\u001b[39m=\u001b[32m\"mx-auto min-h-screen w-full max-w-384 bg-[#f3f1ec] print:max-w-none print:bg-white print:p-0 px-4 py-10\"\u001b[39m\n      \u001b[36m>\u001b[39m\n        \u001b[36m<div\u001b[39m\n          \u001b[33mclass\u001b[39m=\u001b[32m\"mx-auto max-w-4xl space-y-8 print:w-full print:max-w-none print:space-y-0\"\u001b[39m\n        \u001b[36m>\u001b[39m\n          \u001b[36m<section\u001b[39m\n            \u001b[33mclass\u001b[39m=\u001b[32m\"rounded-xl bg-[#41586d] px-6 py-5 text-white shadow-md print:hidden\"\u001b[39m\n          \u001b[36m>\u001b[39m\n            \u001b[36m<div\u001b[39m\n              \u001b[33mclass\u001b[39m=\u001b[32m\"flex items-center gap-3\"\u001b[39m\n            \u001b[36m>\u001b[39m\n              \u001b[36m<h1\u001b[39m\n                \u001b[33mclass\u001b[39m=\u001b[32m\"text-xl font-bold tracking-tight\"\u001b[39m\n              \u001b[36m>\u001b[39m\n                \u001b[0mGitHub Resume Generator\u001b[0m\n              \u001b[36m</h1>\u001b[39m\n            \u001b[36m</div>\u001b[39m\n            \u001b[36m<div\u001b[39m\n              \u001b[33mclass\u001b[39m=\u001b[32m\"mt-5 w-full\"\u001b[39m\n            \u001b[36m>\u001b[39m\n              \u001b[36m<form\u001b[39m\n                \u001b[33mclass\u001b[39m=\u001b[32m\"flex w-full flex-col gap-2 sm:flex-row sm:flex-wrap\"\u001b[39m\n              \u001b[36m>\u001b[39m\n                \u001b[36m<div\u001b[39m\n                  \u001b[33mclass\u001b[39m=\u001b[32m\"relative min-w-0 flex-1\"\u001b[39m\n                \u001b[36m>\u001b[39m\n                  \u001b[36m<svg\u001b[39m\n                    \u001b[33maria-hidden\u001b[39m=\u001b[32m\"true\"\u001b[39m\n                    \u001b[33mclass\u001b[39m=\u001b[32m\"lucide lucide-search absolute left-4 top-1/2 -translate-y-1/2 text-slate-400\"\u001b[39m\n                    \u001b[33mfill\u001b[39m=\u001b[32m\"none\"\u001b[39m\n                    \u001b[33mheight\u001b[39m=\u001b[32m\"17\"\u001b[39m\n                    \u001b[33mstroke\u001b[39m=\u001b[32m\"currentColor\"\u001b[39m\n                    \u001b[33mstroke-linecap\u001b[39m=\u001b[32m\"round\"\u001b[39m\n                    \u001b[33mstroke-linejoin\u001b[39m=\u001b[32m\"round\"\u001b[39m\n                    \u001b[33mstroke-width\u001b[39m=\u001b[32m\"2\"\u001b[39m\n                    \u001b[33mviewBox\u001b[39m=\u001b[32m\"0 0 24 24\"\u001b[39m\n                    \u001b[33mwidth\u001b[39m=\u001b[32m\"17\"\u001b[39m\n                    \u001b[33mxmlns\u001b[39m=\u001b[32m\"http://www.w3.org/2000/svg\"\u001b[39m\n                  \u001b[36m>\u001b[39m\n                    \u001b[36m<path\u001b[39m\n                      \u001b[33md\u001b[39m=\u001b[32m\"m21 21-4.34-4.34\"\u001b[39m\n                    \u001b[36m/>\u001b[39m\n                    \u001b[36m<circle\u001b[39m\n                      \u001b[33mcx\u001b[39m=\u001b[32m\"11\"\u001b[39m\n                      \u001b[33mcy\u001b[39m=\u001b[32m\"11\"\u001b[39m\n                      \u001b[33mr\u001b[39m=\u001b[32m\"8\"\u001b[39m\n                    \u001b[36m/>\u001b[39m\n                  \u001b[36m</svg>\u001b[39m\n                  \u001b[36m<input\u001b[39m\n                    \u001b[33mclass\u001b[39m=\u001b[32m\"w-full rounded-md border border-white/20 bg-white py-3 pl-11 pr-4 text-sm text-slate-900 outline-none placeholder:text-slate-400 focus:ring-2 focus:ring-white/30\"\u001b[39m\n                    \u001b[33mplaceholder\u001b[39m=\u001b[32m\"Enter a GitHub username...\"\u001b[39m\n                    \u001b[33mvalue\u001b[39m=\u001b[32m\"\"\u001b[39m\n                  \u001b[36m/>\u001b[39m\n                \u001b[36m</div>\u001b[39m\n                \u001b[36m<button\u001b[39m\n                  \u001b[33mclass\u001b[39m=\u001b[32m\"flex min-w-36 cursor-pointer items-center justify-center gap-2 rounded-md border border-white/50 bg-white/10 px-5 py-3 text-sm font-semibold text-white transition hover:bg-white/20 disabled:cursor-not-allowed disabled:opacity-50\"\u001b[39m\n                \u001b[36m>\u001b[39m\n                  \u001b[36m<svg\u001b[39m\n                    \u001b[33maria-hidden\u001b[39m=\u001b[32m\"true\"\u001b[39m\n                    \u001b[33mclass\u001b[39m=\u001b[32m\"lucide lucide-refresh-cw\"\u001b[39m\n                    \u001b[33mfill\u001b[39m=\u001b[32m\"none\"\u001b[39m\n                    \u001b[33mheight\u001b[39m=\u001b[32m\"16\"\u001b[39m\n                    \u001b[33mstroke\u001b[39m=\u001b[32m\"currentColor\"\u001b[39m\n                    \u001b[33mstroke-linecap\u001b[39m=\u001b[32m\"round\"\u001b[39m\n                    \u001b[33mstroke-linejoin\u001b[39m=\u001b[32m\"round\"\u001b[39m\n                    \u001b[33mstroke-width\u001b[39m=\u001b[32m\"2\"\u001b[39m\n                    \u001b[33mviewBox\u001b[39m=\u001b[32m\"0 0 24 24\"\u001b[39m\n                    \u001b[33mwidth\u001b[39m=\u001b[32m\"16\"\u001b[39m\n                    \u001b[33mxmlns\u001b[39m=\u001b[32m\"http://www.w3.org/2000/svg\"\u001b[39m\n                  \u001b[36m>\u001b[39m\n                    \u001b[36m<path\u001b[39m\n                      \u001b[33md\u001b[39m=\u001b[32m\"M3 12a9 9 0 0 1 9-9 9.75 9.75 0 0 1 6.74 2.74L21 8\"\u001b[39m\n                    \u001b[36m/>\u001b[39m\n                    \u001b[36m<path\u001b[39m\n                      \u001b[33md\u001b[39m=\u001b[32m\"M21 3v5h-5\"\u001b[39m\n                    \u001b[36m/>\u001b[39m\n                    \u001b[36m<path\u001b[39m\n                      \u001b[33md\u001b[39m=\u001b[32m\"M21 12a9 9 0 0 1-9 9 9.75 9.75 0 0 1-6.74-2.74L3 16\"\u001b[39m\n                    \u001b[36m/>\u001b[39m\n                    \u001b[36m<path\u001b[39m\n                      \u001b[33md\u001b[39m=\u001b[32m\"M8 16H3v5\"\u001b[39m\n                    \u001b[36m/>\u001b[39m\n                  \u001b[36m</svg>\u001b[39m\n                  \u001b[0mRegenerate\u001b[0m\n                \u001b[36m</button>\u001b[39m\n              \u001b[36m</form>\u001b[39m\n            \u001b[36m</div>\u001b[39m\n            \u001b[36m<div\u001b[39m\n              \u001b[33mclass\u001b[39m=\u001b[32m\"mt-5 flex flex-col gap-4 sm:flex-row sm:items-center sm:justify-between\"\u001b[39m\n            \u001b[36m>\u001b[39m\n              \u001b[36m<div\u001b[39m\n                \u001b[33mclass\u001b[39m=\u001b[32m\"flex flex-wrap items-center gap-4\"\u001b[39m\n              \u001b[36m>\u001b[39m\n                \u001b[36m<span\u001b[39m\n                  \u001b[33mclass\u001b[39m=\u001b[32m\"text-sm text-slate-100\"\u001b[39m\n                \u001b[36m>\u001b[39m\n                  \u001b[0mDisplay\u001b[0m\n                \u001b[36m</span>\u001b[39m\n                \u001b[36m<select\u001b[39m\n                  \u001b[33mclass\u001b[39m=\u001b[32m\"cursor-pointer rounded-md border border-white/30 bg-white px-3 py-2 text-sm font-semibold text-[#18233a] outline-none\"\u001b[39m\n                  \u001b[33mid\u001b[39m=\u001b[32m\"repo-limit\"\u001b[39m\n                \u001b[36m>\u001b[39m\n                  \u001b[36m<option\u001b[39m\n                    \u001b[33mvalue\u001b[39m=\u001b[32m\"6\"\u001b[39m\n                  \u001b[36m>\u001b[39m\n                    \u001b[0m6\u001b[0m\n                  \u001b[36m</option>\u001b[39m\n                  \u001b[36m<option\u001b[39m\n                    \u001b[33mvalue\u001b[39m=\u001b[32m\"10\"\u001b[39m\n                  \u001b[36m>\u001b[39m\n                    \u001b[0m10\u001b[0m\n                  \u001b[36m</option>\u001b[39m\n                  \u001b[36m<option\u001b[39m\n                    \u001b[33mvalue\u001b[39m=\u001b[32m\"15\"\u001b[39m\n                  \u001b[36m>\u001b[39m\n                    \u001b[0m15\u001b[0m\n                  \u001b[36m</option>\u001b[39m\n                  \u001b[36m<option\u001b[39m\n                    \u001b[33mvalue\u001b[39m=\u001b[32m\"20\"\u001b[39m\n                  \u001b[36m>\u001b[39m\n                    \u001b[0m20\u001b[0m\n                  \u001b[36m</option>\u001b[39m\n                \u001b[36m</select>\u001b[39m\n                \u001b[36m<span\u001b[39m\n                  \u001b[33mclass\u001b[39m=\u001b[32m\"text-sm text-slate-100\"\u001b[39m\n                \u001b[36m>\u001b[39m\n                  \u001b[0mrepositories\u001b[0m\n                \u001b[36m</span>\u001b[39m\n                \u001b[36m<details\u001b[39m\n                  \u001b[33mclass\u001b[39m=\u001b[32m\"relative\"\u001b[39m\n                \u001b[36m>\u001b[39m\n                  \u001b[36m<summary\u001b[39m\n                    \u001b[33mclass\u001b[39m=\u001b[32m\"flex cursor-pointer list-none items-center gap-2 rounded-md border border-white/50 px-4 py-2 text-sm font-semibold text-white transition hover:bg-white/10\"\u001b[39m\n                  \u001b[36m>\u001b[39m\n                    \u001b[36m<svg\u001b[39m\n                      \u001b[33ma...\n    at Object.getElementError (C:\\Users\\ASUS-16\\Documents\\projets\\github-resume-generator\\node_modules\\@testing-library\\dom\\dist\\config.js:37:19)\n    at getElementError (C:\\Users\\ASUS-16\\Documents\\projets\\github-resume-generator\\node_modules\\@testing-library\\dom\\dist\\query-helpers.js:20:35)\n    at getMultipleElementsFoundError (C:\\Users\\ASUS-16\\Documents\\projets\\github-resume-generator\\node_modules\\@testing-library\\dom\\dist\\query-helpers.js:23:10)\n    at C:\\Users\\ASUS-16\\Documents\\projets\\github-resume-generator\\node_modules\\@testing-library\\dom\\dist\\query-helpers.js:55:13\n    at C:\\Users\\ASUS-16\\Documents\\projets\\github-resume-generator\\node_modules\\@testing-library\\dom\\dist\\query-helpers.js:95:19\n    at Object.getByText (C:\\Users\\ASUS-16\\Documents\\projets\\github-resume-generator\\app\\page.test.tsx:388:14)"],"fullName":"Home computes languages from all non-fork repositories","invocations":1,"location":null,"numPassingAsserts":1,"retryReasons":[],"startAt":1788797551995,"status":"failed","title":"computes languages from all non-fork repositories"},{"ancestorTitles":["Home"],"duration":90,"failing":false,"failureDetails":[],"failureMessages":[],"fullName":"Home uses cached resume data for a recently searched username","invocations":1,"location":null,"numPassingAsserts":4,"retryReasons":[],"startAt":1788797552053,"status":"passed","title":"uses cached resume data for a recently searched username"},{"ancestorTitles":["Home"],"duration":76,"failing":false,"failureDetails":[],"failureMessages":[],"fullName":"Home changes the number of repositories displayed","invocations":1,"location":null,"numPassingAsserts":2,"retryReasons":[],"startAt":1788797552144,"status":"passed","title":"changes the number of repositories displayed"},{"ancestorTitles":["Home"],"duration":214,"failing":false,"failureDetails":[],"failureMessages":[],"fullName":"Home resets repository choices for a new username while keeping the display limit","invocations":1,"location":null,"numPassingAsserts":3,"retryReasons":[],"startAt":1788797552220,"status":"passed","title":"resets repository choices for a new username while keeping the display limit"}],"endTime":1788797552446,"message":"  ● Home › computes languages from all non-fork repositories\n\n    TestingLibraryElementError: Found multiple elements with the text: TypeScript\n\n    Here are the matching elements:\n\n    Ignored nodes: comments, script, style\n    \u001b[36m<span\u001b[39m\n      \u001b[33mclass\u001b[39m=\u001b[32m\"text-[#34445e]\"\u001b[39m\n    \u001b[36m>\u001b[39m\n      \u001b[0mTypeScript\u001b[0m\n    \u001b[36m</span>\u001b[39m\n\n    Ignored nodes: comments, script, style\n    \u001b[36m<span\u001b[39m\n      \u001b[33mclass\u001b[39m=\u001b[32m\"font-medium text-[#40577d]\"\u001b[39m\n    \u001b[36m>\u001b[39m\n      \u001b[0mTypeScript\u001b[0m\n    \u001b[36m</span>\u001b[39m\n\n    Ignored nodes: comments, script, style\n    \u001b[36m<span\u001b[39m\n      \u001b[33mclass\u001b[39m=\u001b[32m\"font-medium text-[#40577d]\"\u001b[39m\n    \u001b[36m>\u001b[39m\n      \u001b[0mTypeScript\u001b[0m\n    \u001b[36m</span>\u001b[39m\n\n    Ignored nodes: comments, script, style\n    \u001b[36m<span\u001b[39m\n      \u001b[33mclass\u001b[39m=\u001b[32m\"font-medium text-[#40577d]\"\u001b[39m\n    \u001b[36m>\u001b[39m\n      \u001b[0mTypeScript\u001b[0m\n    \u001b[36m</span>\u001b[39m\n\n    Ignored nodes: comments, script, style\n    \u001b[36m<span\u001b[39m\n      \u001b[33mclass\u001b[39m=\u001b[32m\"font-medium text-[#40577d]\"\u001b[39m\n    \u001b[36m>\u001b[39m\n      \u001b[0mTypeScript\u001b[0m\n    \u001b[36m</span>\u001b[39m\n\n    Ignored nodes: comments, script, style\n    \u001b[36m<span\u001b[39m\n      \u001b[33mclass\u001b[39m=\u001b[32m\"font-medium text-[#40577d]\"\u001b[39m\n    \u001b[36m>\u001b[39m\n      \u001b[0mTypeScript\u001b[0m\n    \u001b[36m</span>\u001b[39m\n\n    Ignored nodes: comments, script, style\n    \u001b[36m<span\u001b[39m\n      \u001b[33mclass\u001b[39m=\u001b[32m\"font-medium text-[#40577d]\"\u001b[39m\n    \u001b[36m>\u001b[39m\n      \u001b[0mTypeScript\u001b[0m\n    \u001b[36m</span>\u001b[39m\n\n    (If this is intentional, then use the `*AllBy*` variant of the query (like `queryAllByText`, `getAllByText`, or `findAllByText`)).\n\n    Ignored nodes: comments, script, style\n    \u001b[36m<body>\u001b[39m\n      \u001b[36m<div>\u001b[39m\n        \u001b[36m<div\u001b[39m\n          \u001b[33mclass\u001b[39m=\u001b[32m\"min-h-screen bg-[#f3f1ec]\"\u001b[39m\n        \u001b[36m>\u001b[39m\n          \u001b[36m<main\u001b[39m\n            \u001b[33mclass\u001b[39m=\u001b[32m\"mx-auto min-h-screen w-full max-w-384 bg-[#f3f1ec] print:max-w-none print:bg-white print:p-0 px-4 py-10\"\u001b[39m\n          \u001b[36m>\u001b[39m\n            \u001b[36m<div\u001b[39m\n              \u001b[33mclass\u001b[39m=\u001b[32m\"mx-auto max-w-4xl space-y-8 print:w-full print:max-w-none print:space-y-0\"\u001b[39m\n            \u001b[36m>\u001b[39m\n              \u001b[36m<section\u001b[39m\n                \u001b[33mclass\u001b[39m=\u001b[32m\"rounded-xl bg-[#41586d] px-6 py-5 text-white shadow-md print:hidden\"\u001b[39m\n              \u001b[36m>\u001b[39m\n                \u001b[36m<div\u001b[39m\n                  \u001b[33mclass\u001b[39m=\u001b[32m\"flex items-center gap-3\"\u001b[39m\n                \u001b[36m>\u001b[39m\n                  \u001b[36m<h1\u001b[39m\n                    \u001b[33mclass\u001b[39m=\u001b[32m\"text-xl font-bold tracking-tight\"\u001b[39m\n                  \u001b[36m>\u001b[39m\n                    \u001b[0mGitHub Resume Generator\u001b[0m\n                  \u001b[36m</h1>\u001b[39m\n                \u001b[36m</div>\u001b[39m\n                \u001b[36m<div\u001b[39m\n                  \u001b[33mclass\u001b[39m=\u001b[32m\"mt-5 w-full\"\u001b[39m\n                \u001b[36m>\u001b[39m\n                  \u001b[36m<form\u001b[39m\n                    \u001b[33mclass\u001b[39m=\u001b[32m\"flex w-full flex-col gap-2 sm:flex-row sm:flex-wrap\"\u001b[39m\n                  \u001b[36m>\u001b[39m\n                    \u001b[36m<div\u001b[39m\n                      \u001b[33mclass\u001b[39m=\u001b[32m\"relative min-w-0 flex-1\"\u001b[39m\n                    \u001b[36m>\u001b[39m\n                      \u001b[36m<svg\u001b[39m\n                        \u001b[33maria-hidden\u001b[39m=\u001b[32m\"true\"\u001b[39m\n                        \u001b[33mclass\u001b[39m=\u001b[32m\"lucide lucide-search absolute left-4 top-1/2 -translate-y-1/2 text-slate-400\"\u001b[39m\n                        \u001b[33mfill\u001b[39m=\u001b[32m\"none\"\u001b[39m\n                        \u001b[33mheight\u001b[39m=\u001b[32m\"17\"\u001b[39m\n                        \u001b[33mstroke\u001b[39m=\u001b[32m\"currentColor\"\u001b[39m\n                        \u001b[33mstroke-linecap\u001b[39m=\u001b[32m\"round\"\u001b[39m\n                        \u001b[33mstroke-linejoin\u001b[39m=\u001b[32m\"round\"\u001b[39m\n                        \u001b[33mstroke-width\u001b[39m=\u001b[32m\"2\"\u001b[39m\n                        \u001b[33mviewBox\u001b[39m=\u001b[32m\"0 0 24 24\"\u001b[39m\n                        \u001b[33mwidth\u001b[39m=\u001b[32m\"17\"\u001b[39m\n                        \u001b[33mxmlns\u001b[39m=\u001b[32m\"http://www.w3.org/2000/svg\"\u001b[39m\n                      \u001b[36m>\u001b[39m\n                        \u001b[36m<path\u001b[39m\n                          \u001b[33md\u001b[39m=\u001b[32m\"m21 21-4.34-4.34\"\u001b[39m\n                        \u001b[36m/>\u001b[39m\n                        \u001b[36m<circle\u001b[39m\n                          \u001b[33mcx\u001b[39m=\u001b[32m\"11\"\u001b[39m\n                          \u001b[33mcy\u001b[39m=\u001b[32m\"11\"\u001b[39m\n                          \u001b[33mr\u001b[39m=\u001b[32m\"8\"\u001b[39m\n                        \u001b[36m/>\u001b[39m\n                      \u001b[36m</svg>\u001b[39m\n                      \u001b[36m<input\u001b[39m\n                        \u001b[33mclass\u001b[39m=\u001b[32m\"w-full rounded-md border border-white/20 bg-white py-3 pl-11 pr-4 text-sm text-slate-900 outline-none placeholder:text-slate-400 focus:ring-2 focus:ring-white/30\"\u001b[39m\n                        \u001b[33mplaceholder\u001b[39m=\u001b[32m\"Enter a GitHub username...\"\u001b[39m\n                        \u001b[33mvalue\u001b[39m=\u001b[32m\"\"\u001b[39m\n                      \u001b[36m/>\u001b[39m\n                    \u001b[36m</div>\u001b[39m\n                    \u001b[36m<button\u001b[39m\n                      \u001b[33mclass\u001b[39m=\u001b[32m\"flex min-w-36 cursor-pointer items-center justify-center gap-2 rounded-md border border-white/50 bg-white/10 px-5 py-3 text-sm font-semibold text-white transition hover:bg-white/20 disabled:cursor-not-allowed disabled:opacity-50\"\u001b[39m\n                    \u001b[36m>\u001b[39m\n                      \u001b[36m<svg\u001b[39m\n                        \u001b[33maria-hidden\u001b[39m=\u001b[32m\"true\"\u001b[39m\n                        \u001b[33mclass\u001b[39m=\u001b[32m\"lucide lucide-refresh-cw\"\u001b[39m\n                        \u001b[33mfill\u001b[39m=\u001b[32m\"none\"\u001b[39m\n                        \u001b[33mheight\u001b[39m=\u001b[32m\"16\"\u001b[39m\n                        \u001b[33mstroke\u001b[39m=\u001b[32m\"currentColor\"\u001b[39m\n                        \u001b[33mstroke-linecap\u001b[39m=\u001b[32m\"round\"\u001b[39m\n                        \u001b[33mstroke-linejoin\u001b[39m=\u001b[32m\"round\"\u001b[39m\n                        \u001b[33mstroke-width\u001b[39m=\u001b[32m\"2\"\u001b[39m\n                        \u001b[33mviewBox\u001b[39m=\u001b[32m\"0 0 24 24\"\u001b[39m\n                        \u001b[33mwidth\u001b[39m=\u001b[32m\"16\"\u001b[39m\n                        \u001b[33mxmlns\u001b[39m=\u001b[32m\"http://www.w3.org/2000/svg\"\u001b[39m\n                      \u001b[36m>\u001b[39m\n                        \u001b[36m<path\u001b[39m\n                          \u001b[33md\u001b[39m=\u001b[32m\"M3 12a9 9 0 0 1 9-9 9.75 9.75 0 0 1 6.74 2.74L21 8\"\u001b[39m\n                        \u001b[36m/>\u001b[39m\n                        \u001b[36m<path\u001b[39m\n                          \u001b[33md\u001b[39m=\u001b[32m\"M21 3v5h-5\"\u001b[39m\n                        \u001b[36m/>\u001b[39m\n                        \u001b[36m<path\u001b[39m\n                          \u001b[33md\u001b[39m=\u001b[32m\"M21 12a9 9 0 0 1-9 9 9.75 9.75 0 0 1-6.74-2.74L3 16\"\u001b[39m\n                        \u001b[36m/>\u001b[39m\n                        \u001b[36m<path\u001b[39m\n                          \u001b[33md\u001b[39m=\u001b[32m\"M8 16H3v5\"\u001b[39m\n                        \u001b[36m/>\u001b[39m\n                      \u001b[36m</svg>\u001b[39m\n                      \u001b[0mRegenerate\u001b[0m\n                    \u001b[36m</button>\u001b[39m\n                  \u001b[36m</form>\u001b[39m\n                \u001b[36m</div>\u001b[39m\n                \u001b[36m<div\u001b[39m\n                  \u001b[33mclass\u001b[39m=\u001b[32m\"mt-5 flex flex-col gap-4 sm:flex-row sm:items-center sm:justify-between\"\u001b[39m\n                \u001b[36m>\u001b[39m\n                  \u001b[36m<div\u001b[39m\n                    \u001b[33mclass\u001b[39m=\u001b[32m\"flex flex-wrap items-center gap-4\"\u001b[39m\n                  \u001b[36m>\u001b[39m\n                    \u001b[36m<span\u001b[39m\n                      \u001b[33mclass\u001b[39m=\u001b[32m\"text-sm text-slate-100\"\u001b[39m\n                    \u001b[36m>\u001b[39m\n                      \u001b[0mDisplay\u001b[0m\n                    \u001b[36m</span>\u001b[39m\n                    \u001b[36m<select\u001b[39m\n                      \u001b[33mclass\u001b[39m=\u001b[32m\"cursor-pointer rounded-md border border-white/30 bg-white px-3 py-2 text-sm font-semibold text-[#18233a] outline-none\"\u001b[39m\n                      \u001b[33mid\u001b[39m=\u001b[32m\"repo-limit\"\u001b[39m\n                    \u001b[36m>\u001b[39m\n                      \u001b[36m<option\u001b[39m\n                        \u001b[33mvalue\u001b[39m=\u001b[32m\"6\"\u001b[39m\n                      \u001b[36m>\u001b[39m\n                        \u001b[0m6\u001b[0m\n                      \u001b[36m</option>\u001b[39m\n                      \u001b[36m<option\u001b[39m\n                        \u001b[33mvalue\u001b[39m=\u001b[32m\"10\"\u001b[39m\n                      \u001b[36m>\u001b[39m\n                        \u001b[0m10\u001b[0m\n                      \u001b[36m</option>\u001b[39m\n                      \u001b[36m<option\u001b[39m\n                        \u001b[33mvalue\u001b[39m=\u001b[32m\"15\"\u001b[39m\n                      \u001b[36m>\u001b[39m\n                        \u001b[0m15\u001b[0m\n                      \u001b[36m</option>\u001b[39m\n                      \u001b[36m<option\u001b[39m\n                        \u001b[33mvalue\u001b[39m=\u001b[32m\"20\"\u001b[39m\n                      \u001b[36m>\u001b[39m\n                        \u001b[0m20\u001b[0m\n                      \u001b[36m</option>\u001b[39m\n                    \u001b[36m</select>\u001b[39m\n                    \u001b[36m<span\u001b[39m\n                      \u001b[33mclass\u001b[39m=\u001b[32m\"text-sm text-slate-100\"\u001b[39m\n                    \u001b[36m>\u001b[39m\n                      \u001b[0mrepositories\u001b[0m\n                    \u001b[36m</span>\u001b[39m\n                    \u001b[36m<details\u001b[39m\n                      \u001b[33mclass\u001b[39m=\u001b[32m\"relative\"\u001b[39m\n                    \u001b[36m>\u001b[39m\n                      \u001b[36m<summary\u001b[39m\n                        \u001b[33mclass\u001b[39m=\u001b[32m\"flex cursor-pointer list-none items-center gap-2 rounded-md border border-white/50 px-4 py-2 text-sm font-semibold text-white transition hover:bg-white/10\"\u001b[39m\n                      \u001b[36m>\u001b[39m\n                        \u001b[36m<svg\u001b[39m\n                          \u001b[33ma...\n\n    \u001b[0m \u001b[90m 386 |\u001b[39m\n     \u001b[90m 387 |\u001b[39m     expect(\n    \u001b[31m\u001b[1m>\u001b[22m\u001b[39m\u001b[90m 388 |\u001b[39m       screen\u001b[33m.\u001b[39mgetByText(\u001b[32m\"TypeScript\"\u001b[39m)\u001b[33m,\u001b[39m\n     \u001b[90m     |\u001b[39m              \u001b[31m\u001b[1m^\u001b[22m\u001b[39m\n     \u001b[90m 389 |\u001b[39m     )\u001b[33m.\u001b[39mtoBeInTheDocument()\u001b[33m;\u001b[39m\n     \u001b[90m 390 |\u001b[39m\n     \u001b[90m 391 |\u001b[39m     expect(\u001b[0m\n\n      at Object.getElementError (node_modules/@testing-library/dom/dist/config.js:37:19)\n      at getElementError (node_modules/@testing-library/dom/dist/query-helpers.js:20:35)\n      at getMultipleElementsFoundError (node_modules/@testing-library/dom/dist/query-helpers.js:23:10)\n      at node_modules/@testing-library/dom/dist/query-helpers.js:55:13\n      at node_modules/@testing-library/dom/dist/query-helpers.js:95:19\n      at Object.getByText (app/page.test.tsx:388:14)\n","name":"C:\\Users\\ASUS-16\\Documents\\projets\\github-resume-generator\\app\\page.test.tsx","startTime":1788797551144,"status":"failed","summary":""}],"wasInterrupted":false}
